\BOOKMARK [0][]{Contents.0}{Contents}{}% 1
\BOOKMARK [0][]{chapter.1}{1 Introduction}{}% 2
\BOOKMARK [0][]{chapter.2}{2 Literature Review}{}% 3
\BOOKMARK [1][-]{section.2.1}{2.1 Smart Meter}{chapter.2}% 4
\BOOKMARK [1][-]{section.2.2}{2.2 Information Overload}{chapter.2}% 5
\BOOKMARK [2][-]{subsection.2.2.1}{2.2.1 Measure of information load}{section.2.2}% 6
\BOOKMARK [2][-]{subsection.2.2.2}{2.2.2 Impact of information overload}{section.2.2}% 7
\BOOKMARK [1][-]{section.2.3}{2.3 Information Overload in a knapsack problem}{chapter.2}% 8
\BOOKMARK [1][-]{section.2.4}{2.4 Hypotheses}{chapter.2}% 9
\BOOKMARK [0][]{chapter.3}{3 Experiment}{}% 10
\BOOKMARK [1][-]{section.3.1}{3.1 Knapsack}{chapter.3}% 11
\BOOKMARK [2][-]{subsection.3.1.1}{3.1.1 Setup}{section.3.1}% 12
\BOOKMARK [1][-]{section.3.2}{3.2 Interface}{chapter.3}% 13
\BOOKMARK [2][-]{subsection.3.2.1}{3.2.1 Description of the toolboxes}{section.3.2}% 14
\BOOKMARK [2][-]{subsection.3.2.2}{3.2.2 Payout scheme}{section.3.2}% 15
\BOOKMARK [1][-]{section.3.3}{3.3 Online Implementation}{chapter.3}% 16
\BOOKMARK [2][-]{subsection.3.3.1}{3.3.1 Amazon Mechanical Turk}{section.3.3}% 17
\BOOKMARK [2][-]{subsection.3.3.2}{3.3.2 System design}{section.3.3}% 18
\BOOKMARK [1][-]{section.3.4}{3.4 Data acquisition and Descriptives}{chapter.3}% 19
\BOOKMARK [2][-]{subsection.3.4.1}{3.4.1 Descriptives}{section.3.4}% 20
\BOOKMARK [0][]{chapter.4}{4 Evaluation}{}% 21
\BOOKMARK [1][-]{section.4.1}{4.1 Choice of statistical model}{chapter.4}% 22
\BOOKMARK [1][-]{section.4.2}{4.2 Non-Parametric Statistical Tests \(NP\)}{chapter.4}% 23
\BOOKMARK [2][-]{subsection.4.2.1}{4.2.1 Tests of Independent samples: NumberOfColours \046 Trial}{section.4.2}% 24
\BOOKMARK [2][-]{subsection.4.2.2}{4.2.2 Tests of dependent samples: Round}{section.4.2}% 25
\BOOKMARK [2][-]{subsection.4.2.3}{4.2.3 Conclusion}{section.4.2}% 26
\BOOKMARK [1][-]{section.4.3}{4.3 Linear Mixed Model \(LMM\)}{chapter.4}% 27
\BOOKMARK [2][-]{subsection.4.3.1}{4.3.1 Choice of a LMM model}{section.4.3}% 28
\BOOKMARK [2][-]{subsection.4.3.2}{4.3.2 Implementation in R}{section.4.3}% 29
\BOOKMARK [2][-]{subsection.4.3.3}{4.3.3 Results for the LMM}{section.4.3}% 30
\BOOKMARK [0][]{chapter.5}{5 Conclusion}{}% 31
\BOOKMARK [1][-]{section.5.1}{5.1 Information Granularity}{chapter.5}% 32
\BOOKMARK [1][-]{section.5.2}{5.2 Learning Effect}{chapter.5}% 33
\BOOKMARK [1][-]{section.5.3}{5.3 Limitations of the experiment}{chapter.5}% 34
\BOOKMARK [0][]{chapter.6}{6 Declaration}{}% 35
\BOOKMARK [0][]{chapter*.35}{Appendix}{}% 36
\BOOKMARK [1][-]{section.6.1}{A Algorithm}{chapter*.35}% 37
\BOOKMARK [1][-]{section.6.2}{B Interface for each usergroup}{chapter*.35}% 38
\BOOKMARK [1][-]{section.6.3}{C Formulas}{chapter*.35}% 39
\BOOKMARK [1][-]{section.6.4}{D Descriptive statistics}{chapter*.35}% 40
\BOOKMARK [0][]{section*.36}{Bibliography}{}% 41
