This is pdfTeX, Version 3.1415926-1.40.10 (MiKTeX 2.8) (preloaded format=pdflatex 2011.6.2)  23 MAR 2013 18:17
entering extended mode
**thesis.tex

("C:\Users\Chris\My Dropbox\Uni\WS2012\Bachelorarbeit\[1] Laufende Version\Thes
isGit\thesis.tex"
LaTeX2e <2009/09/24>
Babel <v3.8l> and hyphenation patterns for english, dumylang, nohyphenation, ge
rman, ngerman, german-x-2009-06-19, ngerman-x-2009-06-19, french, loaded.

("C:\Users\Chris\My Dropbox\Uni\WS2012\Bachelorarbeit\[1] Laufende Version\Thes
isGit\thesisclass.cls"
Document Class: thesisclass 
("C:\Program Files (x86)\MiKTeX 2.8\tex\latex\koma-script\scrbook.cls"
Document Class: scrbook 2010/06/17 v3.06 KOMA-Script document class (book)
("C:\Program Files (x86)\MiKTeX 2.8\tex\latex\koma-script\scrkbase.sty"
Package: scrkbase 2010/06/17 v3.06 KOMA-Script package (KOMA-Script-dependent b
asics and keyval usage)

("C:\Program Files (x86)\MiKTeX 2.8\tex\latex\koma-script\scrbase.sty"
Package: scrbase 2010/06/17 v3.06 KOMA-Script package (KOMA-Script-independent 
basics and keyval usage)

("C:\Program Files (x86)\MiKTeX 2.8\tex\latex\graphics\keyval.sty"
Package: keyval 1999/03/16 v1.13 key=value parser (DPC)
\KV@toks@=\toks14
)
("C:\Program Files (x86)\MiKTeX 2.8\tex\latex\koma-script\scrlfile.sty"
Package: scrlfile 2009/03/25 v3.03 KOMA-Script package (loading files)

Package scrlfile, 2009/03/25 v3.03 KOMA-Script package (loading files)
                  Copyright (C) Markus Kohm

))) ("C:\Program Files (x86)\MiKTeX 2.8\tex\latex\koma-script\tocbasic.sty"
Package: tocbasic 2010/06/09 v3.06 KOMA-Script package (handling toc-files)
)
Package tocbasic Info: omitting babel extension for `toc'
(tocbasic)             because of feature `nobabel' available
(tocbasic)             for `toc' on input line 117.
Package tocbasic Info: omitting babel extension for `lof'
(tocbasic)             because of feature `nobabel' available
(tocbasic)             for `lof' on input line 118.
Package tocbasic Info: omitting babel extension for `lot'
(tocbasic)             because of feature `nobabel' available
(tocbasic)             for `lot' on input line 119.
Package scrbook Info: You've used obsolete option `11pt'.
(scrbook)             \KOMAExecuteOptions{fontsize=11pt} will be
(scrbook)             used instead.
(scrbook)             You may simply replace `11pt'
(scrbook)             by `fontsize=11pt'.
Class scrbook Info: You've used standard option `openany'.
(scrbook)           This is correct!
(scrbook)           Internally I'm using `open=any'.
(scrbook)           If you'd like to set the option with \KOMAoptions,
(scrbook)           you'd have to use `open=any' there
(scrbook)           instead of `openany', too.
Class scrbook Info: File `scrsize11pt.clo' used to setup font sizes on input li
ne 1310.

("C:\Program Files (x86)\MiKTeX 2.8\tex\latex\koma-script\scrsize11pt.clo"
File: scrsize11pt.clo 2010/06/17 v3.06 KOMA-Script font size class option (11pt
)
)
("C:\Program Files (x86)\MiKTeX 2.8\tex\latex\koma-script\typearea.sty"
Package: typearea 2010/06/17 v3.06 KOMA-Script package (type area)

Package typearea, 2010/06/17 v3.06 KOMA-Script package (type area)
                  Copyright (C) Frank Neukam, 1992-1994
                  Copyright (C) Markus Kohm, 1994-

\ta@bcor=\skip41
\ta@div=\count79
\ta@hblk=\skip42
\ta@vblk=\skip43
\ta@temp=\skip44
Package typearea Info: These are the values describing the layout:
(typearea)             DIV  = 10
(typearea)             BCOR = 0.0pt
(typearea)             \paperwidth      = 597.50793pt
(typearea)              \textwidth      = 418.25555pt
(typearea)              DIV departure   = -6%
(typearea)              \evensidemargin = 47.2316pt
(typearea)              \oddsidemargin  = -12.5192pt
(typearea)             \paperheight     = 845.04694pt
(typearea)              \textheight     = 595.80026pt
(typearea)              \topmargin      = -25.16531pt
(typearea)              \headheight     = 17.0pt
(typearea)              \headsep        = 20.40001pt
(typearea)              \topskip        = 11.0pt
(typearea)              \footskip       = 47.60002pt
(typearea)              \baselineskip   = 13.6pt
(typearea)              on input line 1133.
)
\c@part=\count80
\c@chapter=\count81
\c@section=\count82
\c@subsection=\count83
\c@subsubsection=\count84
\c@paragraph=\count85
\c@subparagraph=\count86
\abovecaptionskip=\skip45
\belowcaptionskip=\skip46
\c@pti@nb@sid@b@x=\box26
\c@figure=\count87
\c@table=\count88
\bibindent=\dimen102
) ("C:\Program Files (x86)\MiKTeX 2.8\tex\latex\german\ngerman.sty"
v2.5e 1998-07-08
Package: ngerman 1998/07/08 v2.5e Support for writing german texts (br)
\grmnU@D=\dimen103
ngerman -- \language number for naustrian undefined, default 4 used.
) ("C:\Program Files (x86)\MiKTeX 2.8\tex\latex\base\fontenc.sty"
Package: fontenc 2005/09/27 v1.99g Standard LaTeX package
 ("C:\Program Files (x86)\MiKTeX 2.8\tex\latex\base\t1enc.def"
File: t1enc.def 2005/09/27 v1.99g Standard LaTeX file
LaTeX Font Info:    Redeclaring font encoding T1 on input line 43.
))
("C:\Program Files (x86)\MiKTeX 2.8\tex\latex\base\inputenc.sty"
Package: inputenc 2008/03/30 v1.1d Input encoding file
\inpenc@prehook=\toks15
\inpenc@posthook=\toks16

("C:\Program Files (x86)\MiKTeX 2.8\tex\latex\base\utf8.def"
File: utf8.def 2008/04/05 v1.1m UTF-8 support for inputenc
Now handling font encoding OML ...
... no UTF-8 mapping file for font encoding OML
Now handling font encoding T1 ...
... processing UTF-8 mapping file for font encoding T1

("C:\Program Files (x86)\MiKTeX 2.8\tex\latex\base\t1enc.dfu"
File: t1enc.dfu 2008/04/05 v1.1m UTF-8 support for inputenc
   defining Unicode char U+00A1 (decimal 161)
   defining Unicode char U+00A3 (decimal 163)
   defining Unicode char U+00AB (decimal 171)
   defining Unicode char U+00BB (decimal 187)
   defining Unicode char U+00BF (decimal 191)
   defining Unicode char U+00C0 (decimal 192)
   defining Unicode char U+00C1 (decimal 193)
   defining Unicode char U+00C2 (decimal 194)
   defining Unicode char U+00C3 (decimal 195)
   defining Unicode char U+00C4 (decimal 196)
   defining Unicode char U+00C5 (decimal 197)
   defining Unicode char U+00C6 (decimal 198)
   defining Unicode char U+00C7 (decimal 199)
   defining Unicode char U+00C8 (decimal 200)
   defining Unicode char U+00C9 (decimal 201)
   defining Unicode char U+00CA (decimal 202)
   defining Unicode char U+00CB (decimal 203)
   defining Unicode char U+00CC (decimal 204)
   defining Unicode char U+00CD (decimal 205)
   defining Unicode char U+00CE (decimal 206)
   defining Unicode char U+00CF (decimal 207)
   defining Unicode char U+00D0 (decimal 208)
   defining Unicode char U+00D1 (decimal 209)
   defining Unicode char U+00D2 (decimal 210)
   defining Unicode char U+00D3 (decimal 211)
   defining Unicode char U+00D4 (decimal 212)
   defining Unicode char U+00D5 (decimal 213)
   defining Unicode char U+00D6 (decimal 214)
   defining Unicode char U+00D8 (decimal 216)
   defining Unicode char U+00D9 (decimal 217)
   defining Unicode char U+00DA (decimal 218)
   defining Unicode char U+00DB (decimal 219)
   defining Unicode char U+00DC (decimal 220)
   defining Unicode char U+00DD (decimal 221)
   defining Unicode char U+00DE (decimal 222)
   defining Unicode char U+00DF (decimal 223)
   defining Unicode char U+00E0 (decimal 224)
   defining Unicode char U+00E1 (decimal 225)
   defining Unicode char U+00E2 (decimal 226)
   defining Unicode char U+00E3 (decimal 227)
   defining Unicode char U+00E4 (decimal 228)
   defining Unicode char U+00E5 (decimal 229)
   defining Unicode char U+00E6 (decimal 230)
   defining Unicode char U+00E7 (decimal 231)
   defining Unicode char U+00E8 (decimal 232)
   defining Unicode char U+00E9 (decimal 233)
   defining Unicode char U+00EA (decimal 234)
   defining Unicode char U+00EB (decimal 235)
   defining Unicode char U+00EC (decimal 236)
   defining Unicode char U+00ED (decimal 237)
   defining Unicode char U+00EE (decimal 238)
   defining Unicode char U+00EF (decimal 239)
   defining Unicode char U+00F0 (decimal 240)
   defining Unicode char U+00F1 (decimal 241)
   defining Unicode char U+00F2 (decimal 242)
   defining Unicode char U+00F3 (decimal 243)
   defining Unicode char U+00F4 (decimal 244)
   defining Unicode char U+00F5 (decimal 245)
   defining Unicode char U+00F6 (decimal 246)
   defining Unicode char U+00F8 (decimal 248)
   defining Unicode char U+00F9 (decimal 249)
   defining Unicode char U+00FA (decimal 250)
   defining Unicode char U+00FB (decimal 251)
   defining Unicode char U+00FC (decimal 252)
   defining Unicode char U+00FD (decimal 253)
   defining Unicode char U+00FE (decimal 254)
   defining Unicode char U+00FF (decimal 255)
   defining Unicode char U+0102 (decimal 258)
   defining Unicode char U+0103 (decimal 259)
   defining Unicode char U+0104 (decimal 260)
   defining Unicode char U+0105 (decimal 261)
   defining Unicode char U+0106 (decimal 262)
   defining Unicode char U+0107 (decimal 263)
   defining Unicode char U+010C (decimal 268)
   defining Unicode char U+010D (decimal 269)
   defining Unicode char U+010E (decimal 270)
   defining Unicode char U+010F (decimal 271)
   defining Unicode char U+0110 (decimal 272)
   defining Unicode char U+0111 (decimal 273)
   defining Unicode char U+0118 (decimal 280)
   defining Unicode char U+0119 (decimal 281)
   defining Unicode char U+011A (decimal 282)
   defining Unicode char U+011B (decimal 283)
   defining Unicode char U+011E (decimal 286)
   defining Unicode char U+011F (decimal 287)
   defining Unicode char U+0130 (decimal 304)
   defining Unicode char U+0131 (decimal 305)
   defining Unicode char U+0132 (decimal 306)
   defining Unicode char U+0133 (decimal 307)
   defining Unicode char U+0139 (decimal 313)
   defining Unicode char U+013A (decimal 314)
   defining Unicode char U+013D (decimal 317)
   defining Unicode char U+013E (decimal 318)
   defining Unicode char U+0141 (decimal 321)
   defining Unicode char U+0142 (decimal 322)
   defining Unicode char U+0143 (decimal 323)
   defining Unicode char U+0144 (decimal 324)
   defining Unicode char U+0147 (decimal 327)
   defining Unicode char U+0148 (decimal 328)
   defining Unicode char U+014A (decimal 330)
   defining Unicode char U+014B (decimal 331)
   defining Unicode char U+0150 (decimal 336)
   defining Unicode char U+0151 (decimal 337)
   defining Unicode char U+0152 (decimal 338)
   defining Unicode char U+0153 (decimal 339)
   defining Unicode char U+0154 (decimal 340)
   defining Unicode char U+0155 (decimal 341)
   defining Unicode char U+0158 (decimal 344)
   defining Unicode char U+0159 (decimal 345)
   defining Unicode char U+015A (decimal 346)
   defining Unicode char U+015B (decimal 347)
   defining Unicode char U+015E (decimal 350)
   defining Unicode char U+015F (decimal 351)
   defining Unicode char U+0160 (decimal 352)
   defining Unicode char U+0161 (decimal 353)
   defining Unicode char U+0162 (decimal 354)
   defining Unicode char U+0163 (decimal 355)
   defining Unicode char U+0164 (decimal 356)
   defining Unicode char U+0165 (decimal 357)
   defining Unicode char U+016E (decimal 366)
   defining Unicode char U+016F (decimal 367)
   defining Unicode char U+0170 (decimal 368)
   defining Unicode char U+0171 (decimal 369)
   defining Unicode char U+0178 (decimal 376)
   defining Unicode char U+0179 (decimal 377)
   defining Unicode char U+017A (decimal 378)
   defining Unicode char U+017B (decimal 379)
   defining Unicode char U+017C (decimal 380)
   defining Unicode char U+017D (decimal 381)
   defining Unicode char U+017E (decimal 382)
   defining Unicode char U+200C (decimal 8204)
   defining Unicode char U+2013 (decimal 8211)
   defining Unicode char U+2014 (decimal 8212)
   defining Unicode char U+2018 (decimal 8216)
   defining Unicode char U+2019 (decimal 8217)
   defining Unicode char U+201A (decimal 8218)
   defining Unicode char U+201C (decimal 8220)
   defining Unicode char U+201D (decimal 8221)
   defining Unicode char U+201E (decimal 8222)
   defining Unicode char U+2030 (decimal 8240)
   defining Unicode char U+2031 (decimal 8241)
   defining Unicode char U+2039 (decimal 8249)
   defining Unicode char U+203A (decimal 8250)
   defining Unicode char U+2423 (decimal 9251)
)
Now handling font encoding OT1 ...
... processing UTF-8 mapping file for font encoding OT1

("C:\Program Files (x86)\MiKTeX 2.8\tex\latex\base\ot1enc.dfu"
File: ot1enc.dfu 2008/04/05 v1.1m UTF-8 support for inputenc
   defining Unicode char U+00A1 (decimal 161)
   defining Unicode char U+00A3 (decimal 163)
   defining Unicode char U+00B8 (decimal 184)
   defining Unicode char U+00BF (decimal 191)
   defining Unicode char U+00C5 (decimal 197)
   defining Unicode char U+00C6 (decimal 198)
   defining Unicode char U+00D8 (decimal 216)
   defining Unicode char U+00DF (decimal 223)
   defining Unicode char U+00E6 (decimal 230)
   defining Unicode char U+00EC (decimal 236)
   defining Unicode char U+00ED (decimal 237)
   defining Unicode char U+00EE (decimal 238)
   defining Unicode char U+00EF (decimal 239)
   defining Unicode char U+00F8 (decimal 248)
   defining Unicode char U+0131 (decimal 305)
   defining Unicode char U+0141 (decimal 321)
   defining Unicode char U+0142 (decimal 322)
   defining Unicode char U+0152 (decimal 338)
   defining Unicode char U+0153 (decimal 339)
   defining Unicode char U+2013 (decimal 8211)
   defining Unicode char U+2014 (decimal 8212)
   defining Unicode char U+2018 (decimal 8216)
   defining Unicode char U+2019 (decimal 8217)
   defining Unicode char U+201C (decimal 8220)
   defining Unicode char U+201D (decimal 8221)
)
Now handling font encoding OMS ...
... processing UTF-8 mapping file for font encoding OMS

("C:\Program Files (x86)\MiKTeX 2.8\tex\latex\base\omsenc.dfu"
File: omsenc.dfu 2008/04/05 v1.1m UTF-8 support for inputenc
   defining Unicode char U+00A7 (decimal 167)
   defining Unicode char U+00B6 (decimal 182)
   defining Unicode char U+00B7 (decimal 183)
   defining Unicode char U+2020 (decimal 8224)
   defining Unicode char U+2021 (decimal 8225)
   defining Unicode char U+2022 (decimal 8226)
)
Now handling font encoding OMX ...
... no UTF-8 mapping file for font encoding OMX
Now handling font encoding U ...
... no UTF-8 mapping file for font encoding U
   defining Unicode char U+00A9 (decimal 169)
   defining Unicode char U+00AA (decimal 170)
   defining Unicode char U+00AE (decimal 174)
   defining Unicode char U+00BA (decimal 186)
   defining Unicode char U+02C6 (decimal 710)
   defining Unicode char U+02DC (decimal 732)
   defining Unicode char U+200C (decimal 8204)
   defining Unicode char U+2026 (decimal 8230)
   defining Unicode char U+2122 (decimal 8482)
   defining Unicode char U+2423 (decimal 9251)
))
("C:\Program Files (x86)\MiKTeX 2.8\tex\latex\ae\ae.sty"
Package: ae 2001/02/12 1.3 Almost European Computer Modern

("C:\Program Files (x86)\MiKTeX 2.8\tex\latex\base\fontenc.sty"
Package: fontenc 2005/09/27 v1.99g Standard LaTeX package

("C:\Program Files (x86)\MiKTeX 2.8\tex\latex\base\t1enc.def"
File: t1enc.def 2005/09/27 v1.99g Standard LaTeX file
LaTeX Font Info:    Redeclaring font encoding T1 on input line 43.
)
LaTeX Font Info:    Try loading font information for T1+aer on input line 100.

("C:\Program Files (x86)\MiKTeX 2.8\tex\latex\ae\t1aer.fd"
File: t1aer.fd 1997/11/16 Font definitions for T1/aer.
)))
("C:\Program Files (x86)\MiKTeX 2.8\tex\latex\graphics\graphicx.sty"
Package: graphicx 1999/02/16 v1.0f Enhanced LaTeX Graphics (DPC,SPQR)

("C:\Program Files (x86)\MiKTeX 2.8\tex\latex\graphics\graphics.sty"
Package: graphics 2009/02/05 v1.0o Standard LaTeX Graphics (DPC,SPQR)

("C:\Program Files (x86)\MiKTeX 2.8\tex\latex\graphics\trig.sty"
Package: trig 1999/03/16 v1.09 sin cos tan (DPC)
)
("C:\Program Files (x86)\MiKTeX 2.8\tex\latex\00miktex\graphics.cfg"
File: graphics.cfg 2007/01/18 v1.5 graphics configuration of teTeX/TeXLive
)
Package graphics Info: Driver file: pdftex.def on input line 91.

("C:\Program Files (x86)\MiKTeX 2.8\tex\latex\pdftex-def\pdftex.def"
File: pdftex.def 2010/02/14 v0.04n Graphics/color for pdfTeX
\Gread@gobject=\count89
))
\Gin@req@height=\dimen104
\Gin@req@width=\dimen105
)
("C:\Program Files (x86)\MiKTeX 2.8\tex\latex\ieeepes\vmargin.sty"
Package: vmargin 1999/06/01

Package `vmargin', V2.2, <1999/06/01>
\PaperWidth=\dimen106
\PaperHeight=\dimen107
) ("C:\Program Files (x86)\MiKTeX 2.8\tex\latex\fancyhdr\fancyhdr.sty"
\fancy@headwidth=\skip47
\f@ncyO@elh=\skip48
\f@ncyO@erh=\skip49
\f@ncyO@olh=\skip50
\f@ncyO@orh=\skip51
\f@ncyO@elf=\skip52
\f@ncyO@erf=\skip53
\f@ncyO@olf=\skip54
\f@ncyO@orf=\skip55
)
("C:\Program Files (x86)\MiKTeX 2.8\tex\latex\subfigure\subfigure.sty"
Package: subfigure 2002/07/30 v2.1.4 subfigure package
\subfigtopskip=\skip56
\subfigcapskip=\skip57
\subfigcaptopadj=\dimen108
\subfigbottomskip=\skip58
\subfigcapmargin=\dimen109
\subfiglabelskip=\skip59
\c@subfigure=\count90
\c@lofdepth=\count91
\c@subtable=\count92
\c@lotdepth=\count93

****************************************
* Local config file subfigure.cfg used *
****************************************
("C:\Program Files (x86)\MiKTeX 2.8\tex\latex\subfigure\subfigure.cfg")
\subfig@top=\skip60
\subfig@bottom=\skip61
)
("C:\Program Files (x86)\MiKTeX 2.8\tex\latex\ltxmisc\url.sty"
\Urlmuskip=\muskip10
Package: url 2006/04/12  ver 3.3  Verb mode for urls, etc.
)
("C:\Program Files (x86)\MiKTeX 2.8\tex\latex\textpos\textpos.sty"
Package: textpos 2009/05/28 v1.7f

Package: `textpos' 1.7f <2009 May 28>
("C:\Program Files (x86)\MiKTeX 2.8\tex\latex\ms\everyshi.sty"
Package: everyshi 2001/05/15 v3.00 EveryShipout Package (MS)
)
\TP@textbox=\box27
\TP@holdbox=\box28
\TPHorizModule=\dimen110
\TPVertModule=\dimen111
\TP@margin=\dimen112
\TP@absmargin=\dimen113

Grid set 16 x 16 = 37.38425pt x 52.86877pt
\TPboxrulesize=\dimen114
\TP@ox=\dimen115
\TP@oy=\dimen116
\TP@tbargs=\toks17
\TP@prevdepth=\dimen117
TextBlockOrigin set to 0pt x 0pt
) ("C:\Program Files (x86)\MiKTeX 2.8\tex\latex\pgf\frontendlayer\tikz.sty"
("C:\Program Files (x86)\MiKTeX 2.8\tex\latex\pgf\basiclayer\pgf.sty"
("C:\Program Files (x86)\MiKTeX 2.8\tex\latex\pgf\utilities\pgfrcs.sty"
("C:\Program Files (x86)\MiKTeX 2.8\tex\generic\pgf\utilities\pgfutil-common.te
x"
\pgfutil@everybye=\toks18
)
("C:\Program Files (x86)\MiKTeX 2.8\tex\generic\pgf\utilities\pgfutil-latex.def
") ("C:\Program Files (x86)\MiKTeX 2.8\tex\generic\pgf\utilities\pgfrcs.code.te
x"
Package: pgfrcs 2008/02/20 v2.00 (rcs-revision 1.21)
))
Package: pgf 2008/01/15 v2.00 (rcs-revision 1.12)
 ("C:\Program Files (x86)\MiKTeX 2.8\tex\latex\pgf\basiclayer\pgfcore.sty"
("C:\Program Files (x86)\MiKTeX 2.8\tex\latex\pgf\systemlayer\pgfsys.sty"
("C:\Program Files (x86)\MiKTeX 2.8\tex\generic\pgf\systemlayer\pgfsys.code.tex
"
Package: pgfsys 2008/02/07 v2.00 (rcs-revision 1.31)
 ("C:\Program Files (x86)\MiKTeX 2.8\tex\generic\pgf\utilities\pgfkeys.code.tex
"
\pgfkeys@pathtoks=\toks19
\pgfkeys@temptoks=\toks20
)
\pgf@x=\dimen118
\pgf@y=\dimen119
\pgf@xa=\dimen120
\pgf@ya=\dimen121
\pgf@xb=\dimen122
\pgf@yb=\dimen123
\pgf@xc=\dimen124
\pgf@yc=\dimen125
\c@pgf@counta=\count94
\c@pgf@countb=\count95
\c@pgf@countc=\count96
\c@pgf@countd=\count97
 ("C:\Program Files (x86)\MiKTeX 2.8\tex\generic\pgf\systemlayer\pgf.cfg"
File: pgf.cfg 2008/01/13  (rcs-revision 1.6)
)
Package pgfsys Info: Driver file for pgf: pgfsys-pdftex.def on input line 885.

("C:\Program Files (x86)\MiKTeX 2.8\tex\generic\pgf\systemlayer\pgfsys-pdftex.d
ef"
File: pgfsys-pdftex.def 2007/12/20  (rcs-revision 1.20)

("C:\Program Files (x86)\MiKTeX 2.8\tex\generic\pgf\systemlayer\pgfsys-common-p
df.def"
File: pgfsys-common-pdf.def 2007/12/17  (rcs-revision 1.8)
)))
("C:\Program Files (x86)\MiKTeX 2.8\tex\generic\pgf\systemlayer\pgfsyssoftpath.
code.tex"
File: pgfsyssoftpath.code.tex 2008/01/23  (rcs-revision 1.6)
\pgfsyssoftpath@smallbuffer@items=\count98
\pgfsyssoftpath@bigbuffer@items=\count99
)
("C:\Program Files (x86)\MiKTeX 2.8\tex\generic\pgf\systemlayer\pgfsysprotocol.
code.tex"
File: pgfsysprotocol.code.tex 2006/10/16  (rcs-revision 1.4)
)) ("C:\Program Files (x86)\MiKTeX 2.8\tex\latex\xcolor\xcolor.sty"
Package: xcolor 2007/01/21 v2.11 LaTeX color extensions (UK)

("C:\Program Files (x86)\MiKTeX 2.8\tex\latex\00miktex\color.cfg"
File: color.cfg 2007/01/18 v1.5 color configuration of teTeX/TeXLive
)
Package xcolor Info: Driver file: pdftex.def on input line 225.
LaTeX Info: Redefining \color on input line 702.
Package xcolor Info: Model `cmy' substituted by `cmy0' on input line 1337.
Package xcolor Info: Model `hsb' substituted by `rgb' on input line 1341.
Package xcolor Info: Model `RGB' extended on input line 1353.
Package xcolor Info: Model `HTML' substituted by `rgb' on input line 1355.
Package xcolor Info: Model `Hsb' substituted by `hsb' on input line 1356.
Package xcolor Info: Model `tHsb' substituted by `hsb' on input line 1357.
Package xcolor Info: Model `HSB' substituted by `hsb' on input line 1358.
Package xcolor Info: Model `Gray' substituted by `gray' on input line 1359.
Package xcolor Info: Model `wave' substituted by `hsb' on input line 1360.
)
("C:\Program Files (x86)\MiKTeX 2.8\tex\generic\pgf\basiclayer\pgfcore.code.tex
"
Package: pgfcore 2008/01/15 v2.00 (rcs-revision 1.6)
 ("C:\Program Files (x86)\MiKTeX 2.8\tex\generic\pgf\math\pgfmath.code.tex"
("C:\Program Files (x86)\MiKTeX 2.8\tex\generic\pgf\math\pgfmathcalc.code.tex"
("C:\Program Files (x86)\MiKTeX 2.8\tex\generic\pgf\math\pgfmathutil.code.tex"
\pgfmath@box=\box29
) ("C:\Program Files (x86)\MiKTeX 2.8\tex\generic\pgf\math\pgfmathparser.code.t
ex"
\pgfmath@stack=\toks21
\c@pgfmath@parsecounta=\count100
\c@pgfmath@parsecountb=\count101
\c@pgfmath@parsecountc=\count102
\pgfmath@parsex=\dimen126
)
("C:\Program Files (x86)\MiKTeX 2.8\tex\generic\pgf\math\pgfmathoperations.code
.tex"
("C:\Program Files (x86)\MiKTeX 2.8\tex\generic\pgf\math\pgfmathtrig.code.tex")
("C:\Program Files (x86)\MiKTeX 2.8\tex\generic\pgf\math\pgfmathrnd.code.tex"))
("C:\Program Files (x86)\MiKTeX 2.8\tex\generic\pgf\math\pgfmathbase.code.tex")
))
("C:\Program Files (x86)\MiKTeX 2.8\tex\generic\pgf\basiclayer\pgfcorepoints.co
de.tex"
File: pgfcorepoints.code.tex 2008/02/03  (rcs-revision 1.13)
\pgf@picminx=\dimen127
\pgf@picmaxx=\dimen128
\pgf@picminy=\dimen129
\pgf@picmaxy=\dimen130
\pgf@pathminx=\dimen131
\pgf@pathmaxx=\dimen132
\pgf@pathminy=\dimen133
\pgf@pathmaxy=\dimen134
\pgf@xx=\dimen135
\pgf@xy=\dimen136
\pgf@yx=\dimen137
\pgf@yy=\dimen138
\pgf@zx=\dimen139
\pgf@zy=\dimen140
)
("C:\Program Files (x86)\MiKTeX 2.8\tex\generic\pgf\basiclayer\pgfcorepathconst
ruct.code.tex"
File: pgfcorepathconstruct.code.tex 2008/02/13  (rcs-revision 1.14)
\pgf@path@lastx=\dimen141
\pgf@path@lasty=\dimen142
)
("C:\Program Files (x86)\MiKTeX 2.8\tex\generic\pgf\basiclayer\pgfcorepathusage
.code.tex"
File: pgfcorepathusage.code.tex 2008/01/23  (rcs-revision 1.11)
\pgf@shorten@end@additional=\dimen143
\pgf@shorten@start@additional=\dimen144
)
("C:\Program Files (x86)\MiKTeX 2.8\tex\generic\pgf\basiclayer\pgfcorescopes.co
de.tex"
File: pgfcorescopes.code.tex 2008/01/15  (rcs-revision 1.26)
\pgfpic=\box30
\pgf@hbox=\box31
\pgf@layerbox@main=\box32
\pgf@picture@serial@count=\count103
)
("C:\Program Files (x86)\MiKTeX 2.8\tex\generic\pgf\basiclayer\pgfcoregraphicst
ate.code.tex"
File: pgfcoregraphicstate.code.tex 2007/12/12  (rcs-revision 1.8)
\pgflinewidth=\dimen145
)
("C:\Program Files (x86)\MiKTeX 2.8\tex\generic\pgf\basiclayer\pgfcoretransform
ations.code.tex"
File: pgfcoretransformations.code.tex 2008/02/04  (rcs-revision 1.10)
\pgf@pt@x=\dimen146
\pgf@pt@y=\dimen147
\pgf@pt@temp=\dimen148
)
("C:\Program Files (x86)\MiKTeX 2.8\tex\generic\pgf\basiclayer\pgfcorequick.cod
e.tex"
File: pgfcorequick.code.tex 2006/10/11  (rcs-revision 1.2)
)
("C:\Program Files (x86)\MiKTeX 2.8\tex\generic\pgf\basiclayer\pgfcoreobjects.c
ode.tex"
File: pgfcoreobjects.code.tex 2006/10/11  (rcs-revision 1.2)
)
("C:\Program Files (x86)\MiKTeX 2.8\tex\generic\pgf\basiclayer\pgfcorepathproce
ssing.code.tex"
File: pgfcorepathprocessing.code.tex 2008/01/23  (rcs-revision 1.7)
)
("C:\Program Files (x86)\MiKTeX 2.8\tex\generic\pgf\basiclayer\pgfcorearrows.co
de.tex"
File: pgfcorearrows.code.tex 2007/06/07  (rcs-revision 1.8)
)
("C:\Program Files (x86)\MiKTeX 2.8\tex\generic\pgf\basiclayer\pgfcoreshade.cod
e.tex"
File: pgfcoreshade.code.tex 2007/12/10  (rcs-revision 1.9)
\pgf@max=\dimen149
\pgf@sys@shading@range@num=\count104
)
("C:\Program Files (x86)\MiKTeX 2.8\tex\generic\pgf\basiclayer\pgfcoreimage.cod
e.tex"
File: pgfcoreimage.code.tex 2008/01/15  (rcs-revision 1.1)
\pgfexternal@startupbox=\box33
)
("C:\Program Files (x86)\MiKTeX 2.8\tex\generic\pgf\basiclayer\pgfcorelayers.co
de.tex"
File: pgfcorelayers.code.tex 2008/01/15  (rcs-revision 1.1)
)
("C:\Program Files (x86)\MiKTeX 2.8\tex\generic\pgf\basiclayer\pgfcoretranspare
ncy.code.tex"
File: pgfcoretransparency.code.tex 2008/01/17  (rcs-revision 1.2)
)
("C:\Program Files (x86)\MiKTeX 2.8\tex\generic\pgf\basiclayer\pgfcorepatterns.
code.tex"
File: pgfcorepatterns.code.tex 2008/01/15  (rcs-revision 1.1)
)))
("C:\Program Files (x86)\MiKTeX 2.8\tex\generic\pgf\modules\pgfmoduleshapes.cod
e.tex"
File: pgfmoduleshapes.code.tex 2008/02/13  (rcs-revision 1.4)
\pgfnodeparttextbox=\box34
\toks@savedmacro=\toks22
)
("C:\Program Files (x86)\MiKTeX 2.8\tex\generic\pgf\modules\pgfmoduleplot.code.
tex"
File: pgfmoduleplot.code.tex 2008/01/15  (rcs-revision 1.1)
\pgf@plotwrite=\write3
)
("C:\Program Files (x86)\MiKTeX 2.8\tex\latex\pgf\compatibility\pgfcomp-version
-0-65.sty"
Package: pgfcomp-version-0-65 2007/07/03 v2.00 (rcs-revision 1.7)
\pgf@nodesepstart=\dimen150
\pgf@nodesepend=\dimen151
)
("C:\Program Files (x86)\MiKTeX 2.8\tex\latex\pgf\compatibility\pgfcomp-version
-1-18.sty"
Package: pgfcomp-version-1-18 2007/07/23 v2.00 (rcs-revision 1.1)
))
("C:\Program Files (x86)\MiKTeX 2.8\tex\latex\pgf\utilities\pgffor.sty"
("C:\Program Files (x86)\MiKTeX 2.8\tex\generic\pgf\utilities\pgffor.code.tex"
Package: pgffor 2007/11/07 v2.00 (rcs-revision 1.8)
\pgffor@iter=\dimen152
\pgffor@skip=\dimen153
))
("C:\Program Files (x86)\MiKTeX 2.8\tex\generic\pgf\frontendlayer\tikz\tikz.cod
e.tex"
Package: tikz 2008/02/13 v2.00 (rcs-revision 1.27)

("C:\Program Files (x86)\MiKTeX 2.8\tex\generic\pgf\libraries\pgflibraryplothan
dlers.code.tex"
File: pgflibraryplothandlers.code.tex 2007/03/09 v2.00 (rcs-revision 1.9)
\pgf@plot@mark@count=\count105
\pgfplotmarksize=\dimen154
)
\tikz@lastx=\dimen155
\tikz@lasty=\dimen156
\tikz@lastxsaved=\dimen157
\tikz@lastysaved=\dimen158
\tikzleveldistance=\dimen159
\tikzsiblingdistance=\dimen160
\tikz@figbox=\box35
\tikz@tempbox=\box36
\tikztreelevel=\count106
\tikznumberofchildren=\count107
\tikznumberofcurrentchild=\count108
\tikz@fig@count=\count109

("C:\Program Files (x86)\MiKTeX 2.8\tex\generic\pgf\modules\pgfmodulematrix.cod
e.tex"
File: pgfmodulematrix.code.tex 2008/01/15  (rcs-revision 1.1)
\pgfmatrixcurrentrow=\count110
\pgfmatrixcurrentcolumn=\count111
\pgf@matrix@numberofcolumns=\count112
)
\tikz@expandcount=\count113

("C:\Program Files (x86)\MiKTeX 2.8\tex\generic\pgf\frontendlayer\tikz\librarie
s\tikzlibrarytopaths.code.tex"
File: tikzlibrarytopaths.code.tex 2008/01/09 v2.00 (rcs-revision 1.1)
)))
("C:\Program Files (x86)\MiKTeX 2.8\tex\generic\babel\babel.sty"
Package: babel 2008/07/06 v3.8l The Babel package

*************************************
* Local config file bblopts.cfg used
*
("C:\Program Files (x86)\MiKTeX 2.8\tex\latex\00miktex\bblopts.cfg"
File: bblopts.cfg 2006/07/31 v1.0 MiKTeX 'babel' configuration
)
("C:\Program Files (x86)\MiKTeX 2.8\tex\generic\babel\english.ldf"
Language: english 2005/03/30 v3.3o English support from the babel system

("C:\Program Files (x86)\MiKTeX 2.8\tex\generic\babel\babel.def"
File: babel.def 2008/07/06 v3.8l Babel common definitions
\babel@savecnt=\count114
\U@D=\dimen161
))
("C:\Program Files (x86)\MiKTeX 2.8\tex\generic\babel\ngermanb.ldf"
Language: ngermanb 2008/07/06 v2.6n new German support from the babel system
))
("C:\Program Files (x86)\MiKTeX 2.8\tex\latex\algorithms\algorithm.sty"
Package: algorithm 2009/08/24 v0.1 Document Style `algorithm' - floating enviro
nment

("C:\Program Files (x86)\MiKTeX 2.8\tex\latex\float\float.sty"
Package: float 2001/11/08 v1.3d Float enhancements (AL)
\c@float@type=\count115
\float@exts=\toks23
\float@box=\box37
\@float@everytoks=\toks24
\@floatcapt=\box38
)
("C:\Program Files (x86)\MiKTeX 2.8\tex\latex\base\ifthen.sty"
Package: ifthen 2001/05/26 v1.1c Standard LaTeX ifthen package (DPC)
)
\@float@every@algorithm=\toks25
\c@algorithm=\count116
)
("C:\Program Files (x86)\MiKTeX 2.8\tex\latex\algorithms\algorithmic.sty"
Package: algorithmic 2009/08/24 v0.1 Document Style `algorithmic'
\c@ALC@unique=\count117
\c@ALC@line=\count118
\c@ALC@rem=\count119
\c@ALC@depth=\count120
\ALC@tlm=\skip62
\algorithmicindent=\skip63
)
("C:\Program Files (x86)\MiKTeX 2.8\tex\latex\hyperref\hyperref.sty"
Package: hyperref 2010/06/18 v6.81g Hypertext links for LaTeX

("C:\Program Files (x86)\MiKTeX 2.8\tex\generic\oberdiek\ltxcmds.sty"
Package: ltxcmds 2010/04/26 v1.7 LaTeX kernel commands for general use (HO)
)
("C:\Program Files (x86)\MiKTeX 2.8\tex\generic\oberdiek\kvsetkeys.sty"
Package: kvsetkeys 2010/03/01 v1.9 Key value parser (HO)

("C:\Program Files (x86)\MiKTeX 2.8\tex\generic\oberdiek\infwarerr.sty"
Package: infwarerr 2010/04/08 v1.3 Providing info/warning/message (HO)
)
("C:\Program Files (x86)\MiKTeX 2.8\tex\generic\oberdiek\etexcmds.sty"
Package: etexcmds 2010/01/28 v1.3 Prefix for e-TeX command names (HO)
Package etexcmds Info: Could not find \expanded.
(etexcmds)             That can mean that you are not using pdfTeX 1.50 or
(etexcmds)             that some package has redefined \expanded.
(etexcmds)             In the latter case, load this package earlier.
))
("C:\Program Files (x86)\MiKTeX 2.8\tex\generic\oberdiek\pdfescape.sty"
Package: pdfescape 2010/03/01 v1.9 Provides hex, PDF name and string conversion
s (HO)

("C:\Program Files (x86)\MiKTeX 2.8\tex\generic\oberdiek\pdftexcmds.sty"
Package: pdftexcmds 2010/04/01 v0.9 Utility functions of pdfTeX for LuaTeX (HO)


("C:\Program Files (x86)\MiKTeX 2.8\tex\generic\oberdiek\ifluatex.sty"
Package: ifluatex 2010/03/01 v1.3 Provides the ifluatex switch (HO)
Package ifluatex Info: LuaTeX not detected.
)
Package pdftexcmds Info: LuaTeX not detected.
Package pdftexcmds Info: \pdf@primitive is available.
Package pdftexcmds Info: \pdf@ifprimitive is available.
))
("C:\Program Files (x86)\MiKTeX 2.8\tex\generic\oberdiek\ifpdf.sty"
Package: ifpdf 2010/01/28 v2.1 Provides the ifpdf switch (HO)
Package ifpdf Info: pdfTeX in pdf mode detected.
)
("C:\Program Files (x86)\MiKTeX 2.8\tex\generic\oberdiek\ifvtex.sty"
Package: ifvtex 2010/03/01 v1.5 Switches for detecting VTeX and its modes (HO)
Package ifvtex Info: VTeX not detected.
)
("C:\Program Files (x86)\MiKTeX 2.8\tex\latex\ifxetex\ifxetex.sty"
Package: ifxetex 2009/01/23 v0.5 Provides ifxetex conditional
)
("C:\Program Files (x86)\MiKTeX 2.8\tex\latex\oberdiek\hycolor.sty"
Package: hycolor 2009/12/12 v1.6 Color options of hyperref/bookmark (HO)

("C:\Program Files (x86)\MiKTeX 2.8\tex\latex\oberdiek\xcolor-patch.sty"
Package: xcolor-patch 2009/12/12 xcolor patch
))
("C:\Program Files (x86)\MiKTeX 2.8\tex\latex\oberdiek\letltxmacro.sty"
Package: letltxmacro 2008/06/24 v1.3 Let assignment for LaTeX macros (HO)
)
\@linkdim=\dimen162
\Hy@linkcounter=\count121
\Hy@pagecounter=\count122

("C:\Program Files (x86)\MiKTeX 2.8\tex\latex\hyperref\pd1enc.def"
File: pd1enc.def 2010/06/18 v6.81g Hyperref: PDFDocEncoding definition (HO)
Now handling font encoding PD1 ...
... no UTF-8 mapping file for font encoding PD1
)
("C:\Program Files (x86)\MiKTeX 2.8\tex\generic\oberdiek\intcalc.sty"
Package: intcalc 2007/09/27 v1.1 Expandable integer calculations (HO)
)
("C:\Program Files (x86)\MiKTeX 2.8\tex\latex\00miktex\hyperref.cfg"
File: hyperref.cfg 2002/06/06 v1.2 hyperref configuration of TeXLive
)
("C:\Program Files (x86)\MiKTeX 2.8\tex\latex\oberdiek\kvoptions.sty"
Package: kvoptions 2010/02/22 v3.7 Keyval support for LaTeX options (HO)
)
Package hyperref Info: Option `raiselinks' set `true' on input line 3577.
Package hyperref Info: Option `bookmarks' set `true' on input line 3577.
Package hyperref Info: Option `bookmarksopen' set `true' on input line 3577.
Package hyperref Info: Option `bookmarksnumbered' set `true' on input line 3577
.
Package hyperref Info: Option `hyperindex' set `true' on input line 3577.
Package hyperref Info: Option `plainpages' set `false' on input line 3577.
Package hyperref Info: Option `pdfpagelabels' set `true' on input line 3577.
Package hyperref Info: Option `colorlinks' set `false' on input line 3577.
Package hyperref Info: Hyper figures OFF on input line 3658.
Package hyperref Info: Link nesting OFF on input line 3663.
Package hyperref Info: Hyper index ON on input line 3666.
Package hyperref Info: Plain pages OFF on input line 3673.
Package hyperref Info: Backreferencing OFF on input line 3678.

Implicit mode ON; LaTeX internals redefined
Package hyperref Info: Bookmarks ON on input line 3874.
LaTeX Info: Redefining \url on input line 4159.
("C:\Program Files (x86)\MiKTeX 2.8\tex\generic\oberdiek\bitset.sty"
Package: bitset 2007/09/28 v1.0 Data type bit set (HO)

("C:\Program Files (x86)\MiKTeX 2.8\tex\generic\oberdiek\bigintcalc.sty"
Package: bigintcalc 2007/11/11 v1.1 Expandable big integer calculations (HO)
))
\Fld@menulength=\count123
\Field@Width=\dimen163
\Fld@charsize=\dimen164
\Field@toks=\toks26
Package hyperref Info: Hyper figures OFF on input line 5137.
Package hyperref Info: Link nesting OFF on input line 5142.
Package hyperref Info: Hyper index ON on input line 5145.
Package hyperref Info: backreferencing OFF on input line 5152.
Package hyperref Info: Link coloring OFF on input line 5157.
Package hyperref Info: Link coloring with OCG OFF on input line 5162.
Package hyperref Info: PDF/A mode OFF on input line 5167.
LaTeX Info: Redefining \ref on input line 5207.
LaTeX Info: Redefining \pageref on input line 5211.

("C:\Program Files (x86)\MiKTeX 2.8\tex\generic\oberdiek\atbegshi.sty"
Package: atbegshi 2010/03/25 v1.12 At begin shipout hook (HO)
)
\Hy@abspage=\count124
\c@Item=\count125
\c@Hfootnote=\count126
)
* hyperref using default driver hpdftex *
("C:\Program Files (x86)\MiKTeX 2.8\tex\latex\hyperref\hpdftex.def"
File: hpdftex.def 2010/06/18 v6.81g Hyperref driver for pdfTeX

("C:\Program Files (x86)\MiKTeX 2.8\tex\latex\oberdiek\atveryend.sty"
Package: atveryend 2010/03/24 v1.5 Hooks at very end of document (HO)
Package atveryend Info: \enddocument detected (standard).
)
\Fld@listcount=\count127
\c@bookmark@seq@number=\count128

("C:\Program Files (x86)\MiKTeX 2.8\tex\latex\oberdiek\rerunfilecheck.sty"
Package: rerunfilecheck 2010/03/16 v1.6 Rerun checks for auxiliary files (HO)

("C:\Program Files (x86)\MiKTeX 2.8\tex\generic\oberdiek\uniquecounter.sty"
Package: uniquecounter 2009/12/18 v1.1 Provides unlimited unique counter (HO)
)
Package uniquecounter Info: New unique counter `rerunfilecheck' on input line 2
71.
)
\Hy@SectionHShift=\skip64
)
("C:\Program Files (x86)\MiKTeX 2.8\tex\latex\babelbib\babelbib.sty"
Package: babelbib 2009/10/10 v1.29 babelbib: multilingual bibliographies (HH)
)
("C:\Program Files (x86)\MiKTeX 2.8\tex\latex\setspace\setspace.sty"
Package: setspace 2000/12/01 6.7 Contributed and Supported LaTeX2e package

Package: `setspace' 6.7 <2000/12/01>
) ("C:\Program Files (x86)\MiKTeX 2.8\tex\latex\natbib\natbib.sty"
Package: natbib 2009/11/07 8.31a (PWD, AO)
\bibhang=\skip65
\bibsep=\skip66
LaTeX Info: Redefining \cite on input line 694.
\c@NAT@ctr=\count129
)
\chapnolen=\skip67
\chapparlen=\skip68
\chapno=\box39
)
("C:\Program Files (x86)\MiKTeX 2.8\tex\latex\booktabs\booktabs.sty"
Package: booktabs 2005/04/14 v1.61803 publication quality tables
\heavyrulewidth=\dimen165
\lightrulewidth=\dimen166
\cmidrulewidth=\dimen167
\belowrulesep=\dimen168
\belowbottomsep=\dimen169
\aboverulesep=\dimen170
\abovetopsep=\dimen171
\cmidrulesep=\dimen172
\cmidrulekern=\dimen173
\defaultaddspace=\dimen174
\@cmidla=\count130
\@cmidlb=\count131
\@aboverulesep=\dimen175
\@belowrulesep=\dimen176
\@thisruleclass=\count132
\@lastruleclass=\count133
\@thisrulewidth=\dimen177
)
("C:\Program Files (x86)\MiKTeX 2.8\tex\latex\tools\dcolumn.sty"
Package: dcolumn 2001/05/28 v1.06 decimal alignment package (DPC)

("C:\Program Files (x86)\MiKTeX 2.8\tex\latex\tools\array.sty"
Package: array 2008/09/09 v2.4c Tabular extension package (FMi)
\col@sep=\dimen178
\extrarowheight=\dimen179
\NC@list=\toks27
\extratabsurround=\skip69
\backup@length=\skip70
))
("C:\Program Files (x86)\MiKTeX 2.8\tex\latex\multirow\bigstrut.sty"
\bigstrutjot=\dimen180
)
("C:\Program Files (x86)\MiKTeX 2.8\tex\latex\rotating\rotating.sty"
Package: rotating 2009/03/28 v2.16a rotated objects in LaTeX
\c@r@tfl@t=\count134
\rotFPtop=\skip71
\rotFPbot=\skip72
\rot@float@box=\box40
\rot@mess@toks=\toks28
)
("C:\Program Files (x86)\MiKTeX 2.8\tex\latex\oberdiek\pdflscape.sty"
Package: pdflscape 2008/08/11 v0.10 Landscape pages in PDF (HO)

("C:\Program Files (x86)\MiKTeX 2.8\tex\latex\graphics\lscape.sty"
Package: lscape 2000/10/22 v3.01 Landscape Pages (DPC)
)
Package pdflscape Info: Auto-detected driver: pdftex on input line 77.
)
("C:\Program Files (x86)\MiKTeX 2.8\tex\latex\framed\framed.sty"
Package: framed 2007/10/04 v 0.95: framed or shaded text with page breaks
\fb@frw=\dimen181
\fb@frh=\dimen182
\FrameRule=\dimen183
\FrameSep=\dimen184
)
("C:\Program Files (x86)\MiKTeX 2.8\tex\latex\base\textcomp.sty"
Package: textcomp 2005/09/27 v1.99g Standard LaTeX package
Package textcomp Info: Sub-encoding information:
(textcomp)               5 = only ISO-Adobe without \textcurrency
(textcomp)               4 = 5 + \texteuro
(textcomp)               3 = 4 + \textohm
(textcomp)               2 = 3 + \textestimated + \textcurrency
(textcomp)               1 = TS1 - \textcircled - \t
(textcomp)               0 = TS1 (full)
(textcomp)             Font families with sub-encoding setting implement
(textcomp)             only a restricted character set as indicated.
(textcomp)             Family '?' is the default used for unknown fonts.
(textcomp)             See the documentation for details.
Package textcomp Info: Setting ? sub-encoding to TS1/1 on input line 71.

("C:\Program Files (x86)\MiKTeX 2.8\tex\latex\base\ts1enc.def"
File: ts1enc.def 2001/06/05 v3.0e (jk/car/fm) Standard LaTeX file
Now handling font encoding TS1 ...
... processing UTF-8 mapping file for font encoding TS1

("C:\Program Files (x86)\MiKTeX 2.8\tex\latex\base\ts1enc.dfu"
File: ts1enc.dfu 2008/04/05 v1.1m UTF-8 support for inputenc
   defining Unicode char U+00A2 (decimal 162)
   defining Unicode char U+00A3 (decimal 163)
   defining Unicode char U+00A4 (decimal 164)
   defining Unicode char U+00A5 (decimal 165)
   defining Unicode char U+00A6 (decimal 166)
   defining Unicode char U+00A7 (decimal 167)
   defining Unicode char U+00A8 (decimal 168)
   defining Unicode char U+00A9 (decimal 169)
   defining Unicode char U+00AA (decimal 170)
   defining Unicode char U+00AC (decimal 172)
   defining Unicode char U+00AE (decimal 174)
   defining Unicode char U+00AF (decimal 175)
   defining Unicode char U+00B0 (decimal 176)
   defining Unicode char U+00B1 (decimal 177)
   defining Unicode char U+00B2 (decimal 178)
   defining Unicode char U+00B3 (decimal 179)
   defining Unicode char U+00B4 (decimal 180)
   defining Unicode char U+00B5 (decimal 181)
   defining Unicode char U+00B6 (decimal 182)
   defining Unicode char U+00B7 (decimal 183)
   defining Unicode char U+00B9 (decimal 185)
   defining Unicode char U+00BA (decimal 186)
   defining Unicode char U+00BC (decimal 188)
   defining Unicode char U+00BD (decimal 189)
   defining Unicode char U+00BE (decimal 190)
   defining Unicode char U+00D7 (decimal 215)
   defining Unicode char U+00F7 (decimal 247)
   defining Unicode char U+0192 (decimal 402)
   defining Unicode char U+02C7 (decimal 711)
   defining Unicode char U+02D8 (decimal 728)
   defining Unicode char U+02DD (decimal 733)
   defining Unicode char U+0E3F (decimal 3647)
   defining Unicode char U+2016 (decimal 8214)
   defining Unicode char U+2020 (decimal 8224)
   defining Unicode char U+2021 (decimal 8225)
   defining Unicode char U+2022 (decimal 8226)
   defining Unicode char U+2030 (decimal 8240)
   defining Unicode char U+2031 (decimal 8241)
   defining Unicode char U+203B (decimal 8251)
   defining Unicode char U+203D (decimal 8253)
   defining Unicode char U+2044 (decimal 8260)
   defining Unicode char U+204E (decimal 8270)
   defining Unicode char U+2052 (decimal 8274)
   defining Unicode char U+20A1 (decimal 8353)
   defining Unicode char U+20A4 (decimal 8356)
   defining Unicode char U+20A6 (decimal 8358)
   defining Unicode char U+20A9 (decimal 8361)
   defining Unicode char U+20AB (decimal 8363)
   defining Unicode char U+20AC (decimal 8364)
   defining Unicode char U+20B1 (decimal 8369)
   defining Unicode char U+2103 (decimal 8451)
   defining Unicode char U+2116 (decimal 8470)
   defining Unicode char U+2117 (decimal 8471)
   defining Unicode char U+211E (decimal 8478)
   defining Unicode char U+2120 (decimal 8480)
   defining Unicode char U+2122 (decimal 8482)
   defining Unicode char U+2126 (decimal 8486)
   defining Unicode char U+2127 (decimal 8487)
   defining Unicode char U+212E (decimal 8494)
   defining Unicode char U+2190 (decimal 8592)
   defining Unicode char U+2191 (decimal 8593)
   defining Unicode char U+2192 (decimal 8594)
   defining Unicode char U+2193 (decimal 8595)
   defining Unicode char U+2329 (decimal 9001)
   defining Unicode char U+232A (decimal 9002)
   defining Unicode char U+2422 (decimal 9250)
   defining Unicode char U+25E6 (decimal 9702)
   defining Unicode char U+25EF (decimal 9711)
   defining Unicode char U+266A (decimal 9834)
))
LaTeX Info: Redefining \oldstylenums on input line 266.
Package textcomp Info: Setting cmr sub-encoding to TS1/0 on input line 281.
Package textcomp Info: Setting cmss sub-encoding to TS1/0 on input line 282.
Package textcomp Info: Setting cmtt sub-encoding to TS1/0 on input line 283.
Package textcomp Info: Setting cmvtt sub-encoding to TS1/0 on input line 284.
Package textcomp Info: Setting cmbr sub-encoding to TS1/0 on input line 285.
Package textcomp Info: Setting cmtl sub-encoding to TS1/0 on input line 286.
Package textcomp Info: Setting ccr sub-encoding to TS1/0 on input line 287.
Package textcomp Info: Setting ptm sub-encoding to TS1/4 on input line 288.
Package textcomp Info: Setting pcr sub-encoding to TS1/4 on input line 289.
Package textcomp Info: Setting phv sub-encoding to TS1/4 on input line 290.
Package textcomp Info: Setting ppl sub-encoding to TS1/3 on input line 291.
Package textcomp Info: Setting pag sub-encoding to TS1/4 on input line 292.
Package textcomp Info: Setting pbk sub-encoding to TS1/4 on input line 293.
Package textcomp Info: Setting pnc sub-encoding to TS1/4 on input line 294.
Package textcomp Info: Setting pzc sub-encoding to TS1/4 on input line 295.
Package textcomp Info: Setting bch sub-encoding to TS1/4 on input line 296.
Package textcomp Info: Setting put sub-encoding to TS1/5 on input line 297.
Package textcomp Info: Setting uag sub-encoding to TS1/5 on input line 298.
Package textcomp Info: Setting ugq sub-encoding to TS1/5 on input line 299.
Package textcomp Info: Setting ul8 sub-encoding to TS1/4 on input line 300.
Package textcomp Info: Setting ul9 sub-encoding to TS1/4 on input line 301.
Package textcomp Info: Setting augie sub-encoding to TS1/5 on input line 302.
Package textcomp Info: Setting dayrom sub-encoding to TS1/3 on input line 303.
Package textcomp Info: Setting dayroms sub-encoding to TS1/3 on input line 304.

Package textcomp Info: Setting pxr sub-encoding to TS1/0 on input line 305.
Package textcomp Info: Setting pxss sub-encoding to TS1/0 on input line 306.
Package textcomp Info: Setting pxtt sub-encoding to TS1/0 on input line 307.
Package textcomp Info: Setting txr sub-encoding to TS1/0 on input line 308.
Package textcomp Info: Setting txss sub-encoding to TS1/0 on input line 309.
Package textcomp Info: Setting txtt sub-encoding to TS1/0 on input line 310.
Package textcomp Info: Setting futs sub-encoding to TS1/4 on input line 311.
Package textcomp Info: Setting futx sub-encoding to TS1/4 on input line 312.
Package textcomp Info: Setting futj sub-encoding to TS1/4 on input line 313.
Package textcomp Info: Setting hlh sub-encoding to TS1/3 on input line 314.
Package textcomp Info: Setting hls sub-encoding to TS1/3 on input line 315.
Package textcomp Info: Setting hlst sub-encoding to TS1/3 on input line 316.
Package textcomp Info: Setting hlct sub-encoding to TS1/5 on input line 317.
Package textcomp Info: Setting hlx sub-encoding to TS1/5 on input line 318.
Package textcomp Info: Setting hlce sub-encoding to TS1/5 on input line 319.
Package textcomp Info: Setting hlcn sub-encoding to TS1/5 on input line 320.
Package textcomp Info: Setting hlcw sub-encoding to TS1/5 on input line 321.
Package textcomp Info: Setting hlcf sub-encoding to TS1/5 on input line 322.
Package textcomp Info: Setting pplx sub-encoding to TS1/3 on input line 323.
Package textcomp Info: Setting pplj sub-encoding to TS1/3 on input line 324.
Package textcomp Info: Setting ptmx sub-encoding to TS1/4 on input line 325.
Package textcomp Info: Setting ptmj sub-encoding to TS1/4 on input line 326.
)
("C:\Program Files (x86)\MiKTeX 2.8\tex\latex\tools\verbatim.sty"
Package: verbatim 2003/08/22 v1.5q LaTeX2e package for verbatim enhancements
\every@verbatim=\toks29
\verbatim@line=\toks30
\verbatim@in@stream=\read1
)
("C:\Program Files (x86)\MiKTeX 2.8\tex\latex\amsfonts\amssymb.sty"
Package: amssymb 2009/06/22 v3.00

("C:\Program Files (x86)\MiKTeX 2.8\tex\latex\amsfonts\amsfonts.sty"
Package: amsfonts 2009/06/22 v3.00 Basic AMSFonts support
\@emptytoks=\toks31
\symAMSa=\mathgroup4
\symAMSb=\mathgroup5
LaTeX Font Info:    Overwriting math alphabet `\mathfrak' in version `bold'
(Font)                  U/euf/m/n --> U/euf/b/n on input line 96.
))
("C:\Program Files (x86)\MiKTeX 2.8\tex\latex\tools\afterpage.sty"
Package: afterpage 1995/10/27 v1.08 After-Page Package (DPC)
\AP@output=\toks32
\AP@partial=\box41
\AP@footins=\box42
)
("C:\Program Files (x86)\MiKTeX 2.8\tex\latex\tools\multicol.sty"
Package: multicol 2008/12/05 v1.6h multicolumn formatting (FMi)
\c@tracingmulticols=\count135
\mult@box=\box43
\multicol@leftmargin=\dimen185
\c@unbalance=\count136
\c@collectmore=\count137
\doublecol@number=\count138
\multicoltolerance=\count139
\multicolpretolerance=\count140
\full@width=\dimen186
\page@free=\dimen187
\premulticols=\dimen188
\postmulticols=\dimen189
\multicolsep=\skip73
\multicolbaselineskip=\skip74
\partial@page=\box44
\last@line=\box45
\mult@rightbox=\box46
\mult@grightbox=\box47
\mult@gfirstbox=\box48
\mult@firstbox=\box49
\@tempa=\box50
\@tempa=\box51
\@tempa=\box52
\@tempa=\box53
\@tempa=\box54
\@tempa=\box55
\@tempa=\box56
\@tempa=\box57
\@tempa=\box58
\@tempa=\box59
\@tempa=\box60
\@tempa=\box61
\@tempa=\box62
\@tempa=\box63
\@tempa=\box64
\@tempa=\box65
\@tempa=\box66
\c@columnbadness=\count141
\c@finalcolumnbadness=\count142
\last@try=\dimen190
\multicolovershoot=\dimen191
\multicolundershoot=\dimen192
\mult@nat@firstbox=\box67
\colbreak@box=\box68
)
("C:\Program Files (x86)\MiKTeX 2.8\tex\latex\multirow\multirow.sty")
("C:\Program Files (x86)\MiKTeX 2.8\tex\latex\ams\math\amsmath.sty"
Package: amsmath 2000/07/18 v2.13 AMS math features
\@mathmargin=\skip75

For additional information on amsmath, use the `?' option.
("C:\Program Files (x86)\MiKTeX 2.8\tex\latex\ams\math\amstext.sty"
Package: amstext 2000/06/29 v2.01

("C:\Program Files (x86)\MiKTeX 2.8\tex\latex\ams\math\amsgen.sty"
File: amsgen.sty 1999/11/30 v2.0
\@emptytoks=\toks33
\ex@=\dimen193
))
("C:\Program Files (x86)\MiKTeX 2.8\tex\latex\ams\math\amsbsy.sty"
Package: amsbsy 1999/11/29 v1.2d
\pmbraise@=\dimen194
)
("C:\Program Files (x86)\MiKTeX 2.8\tex\latex\ams\math\amsopn.sty"
Package: amsopn 1999/12/14 v2.01 operator names
)
\inf@bad=\count143
LaTeX Info: Redefining \frac on input line 211.
\uproot@=\count144
\leftroot@=\count145
LaTeX Info: Redefining \overline on input line 307.
\classnum@=\count146
\DOTSCASE@=\count147
LaTeX Info: Redefining \ldots on input line 379.
LaTeX Info: Redefining \dots on input line 382.
LaTeX Info: Redefining \cdots on input line 467.
\Mathstrutbox@=\box69
\strutbox@=\box70
\big@size=\dimen195
LaTeX Font Info:    Redeclaring font encoding OML on input line 567.
LaTeX Font Info:    Redeclaring font encoding OMS on input line 568.
\macc@depth=\count148
\c@MaxMatrixCols=\count149
\dotsspace@=\muskip11
\c@parentequation=\count150
\dspbrk@lvl=\count151
\tag@help=\toks34
\row@=\count152
\column@=\count153
\maxfields@=\count154
\andhelp@=\toks35
\eqnshift@=\dimen196
\alignsep@=\dimen197
\tagshift@=\dimen198
\tagwidth@=\dimen199
\totwidth@=\dimen200
\lineht@=\dimen201
\@envbody=\toks36
\multlinegap=\skip76
\multlinetaggap=\skip77
\mathdisplay@stack=\toks37
LaTeX Info: Redefining \[ on input line 2666.
LaTeX Info: Redefining \] on input line 2667.
)
("C:\Program Files (x86)\MiKTeX 2.8\tex\latex\algorithm2e\algorithm2e.sty"
Package: algorithm2e 2008/00/00 v3.10 algorithms environments
\c@AlgoLine=\count155

("C:\Program Files (x86)\MiKTeX 2.8\tex\latex\tools\xspace.sty"
Package: xspace 2006/05/08 v1.12 Space after command names (DPC,MH)
)
("C:\Program Files (x86)\MiKTeX 2.8\tex\latex\ltxmisc\relsize.sty"
Package: relsize 2003/07/04 ver 3.1
)
********************************************************
Package `algorithm2e' Release 4.01 -- december 14 2009 --
- algorithm2e-announce@lirmm.fr mailing list for announcement about releases
- algorithm2e-discussion@lirmm.fr mailing list for discussion about package
subscribe by emailing sympa@lirmm.fr with 'subscribe <list> <firstname name>'
- Author: Christophe Fiorio (fiorio@lirmm.fr)
********************************************************
\skiptotal=\skip78
\skiplinenumber=\skip79
\skiprule=\skip80
\skiphlne=\skip81
\skiptext=\skip82
\skiplength=\skip83
\algomargin=\skip84
\skipalgocfslide=\skip85
\algowidth=\dimen202
\inoutsize=\dimen203
\inoutline=\dimen204
\interspacetitleruled=\dimen205
\interspacealgoruled=\dimen206
\interspacetitleboxruled=\dimen207
\algocf@inoutbox=\box71
\algocf@inputbox=\box72
\AlCapSkip=\skip86
\AlCapHSkip=\skip87
\algocf@nlbox=\box73
\algocf@hangingbox=\box74
\algocf@capbox=\box75
\algoheightruledefault=\skip88
\algoheightrule=\skip89
\algotitleheightruledefault=\skip90
\algotitleheightrule=\skip91
\c@algocfline=\count156
\c@algocfproc=\count157
\c@algocf=\count158
\algocf@algoframe=\box76
\algocf@algobox=\box77
) ("C:\Program Files (x86)\MiKTeX 2.8\tex\latex\acronym\acronym.sty"
Package: acronym 2009/10/20 v1.35 Support for acronyms (Tobias Oetiker)

("C:\Program Files (x86)\MiKTeX 2.8\tex\latex\bigfoot\suffix.sty"
Package: suffix 2006/07/15 1.5 Variant command support
)
\AC@clearlist=\toks38
)
("C:\Program Files (x86)\MiKTeX 2.8\tex\latex\colortbl\colortbl.sty"
Package: colortbl 2001/02/13 v0.1j Color table columns (DPC)
\everycr=\toks39
\minrowclearance=\skip92
)
("C:\Users\Chris\My Dropbox\Uni\WS2012\Bachelorarbeit\[1] Laufende Version\Thes
isGit\thesis.aux"
("C:\Users\Chris\My Dropbox\Uni\WS2012\Bachelorarbeit\[1] Laufende Version\Thes
isGit\titlepage.aux")
("C:\Users\Chris\My Dropbox\Uni\WS2012\Bachelorarbeit\[1] Laufende Version\Thes
isGit\text/introduction.aux")
("C:\Users\Chris\My Dropbox\Uni\WS2012\Bachelorarbeit\[1] Laufende Version\Thes
isGit\text/content.aux")
("C:\Users\Chris\My Dropbox\Uni\WS2012\Bachelorarbeit\[1] Laufende Version\Thes
isGit\text/experiment.aux")
("C:\Users\Chris\My Dropbox\Uni\WS2012\Bachelorarbeit\[1] Laufende Version\Thes
isGit\text/evaluation.aux")
("C:\Users\Chris\My Dropbox\Uni\WS2012\Bachelorarbeit\[1] Laufende Version\Thes
isGit\text/conclusion.aux")
("C:\Users\Chris\My Dropbox\Uni\WS2012\Bachelorarbeit\[1] Laufende Version\Thes
isGit\text/declaration.aux")

LaTeX Warning: Label `DistributionDecisionNumber' multiply defined.

)
LaTeX Font Info:    Checking defaults for OML/cmm/m/it on input line 147.
LaTeX Font Info:    ... okay on input line 147.
LaTeX Font Info:    Checking defaults for T1/cmr/m/n on input line 147.
LaTeX Font Info:    ... okay on input line 147.
LaTeX Font Info:    Checking defaults for OT1/cmr/m/n on input line 147.
LaTeX Font Info:    ... okay on input line 147.
LaTeX Font Info:    Checking defaults for OMS/cmsy/m/n on input line 147.
LaTeX Font Info:    ... okay on input line 147.
LaTeX Font Info:    Checking defaults for OMX/cmex/m/n on input line 147.
LaTeX Font Info:    ... okay on input line 147.
LaTeX Font Info:    Checking defaults for U/cmr/m/n on input line 147.
LaTeX Font Info:    ... okay on input line 147.
LaTeX Font Info:    Checking defaults for PD1/pdf/m/n on input line 147.
LaTeX Font Info:    ... okay on input line 147.
LaTeX Font Info:    Checking defaults for TS1/cmr/m/n on input line 147.
LaTeX Font Info:    Try loading font information for TS1+cmr on input line 147.

 ("C:\Program Files (x86)\MiKTeX 2.8\tex\latex\base\ts1cmr.fd"
File: ts1cmr.fd 1999/05/25 v2.5h Standard LaTeX font definitions
)
LaTeX Font Info:    ... okay on input line 147.

("C:\Program Files (x86)\MiKTeX 2.8\tex\context\base\supp-pdf.tex"
[Loading MPS to PDF converter (version 2006.09.02).]
\scratchcounter=\count159
\scratchdimen=\dimen208
\scratchbox=\box78
\nofMPsegments=\count160
\nofMParguments=\count161
\everyMPshowfont=\toks40
\MPscratchCnt=\count162
\MPscratchDim=\dimen209
\MPnumerator=\count163
\everyMPtoPDFconversion=\toks41
) ABD: EveryShipout initializing macros
\AtBeginShipoutBox=\box79
Package hyperref Info: Link coloring OFF on input line 147.

("C:\Program Files (x86)\MiKTeX 2.8\tex\latex\hyperref\nameref.sty"
Package: nameref 2010/04/30 v2.40 Cross-referencing by name of section

("C:\Program Files (x86)\MiKTeX 2.8\tex\latex\oberdiek\refcount.sty"
Package: refcount 2008/08/11 v3.1 Data extraction from references (HO)
)
("C:\Program Files (x86)\MiKTeX 2.8\tex\generic\oberdiek\gettitlestring.sty"
Package: gettitlestring 2009/12/18 v1.3 Cleanup title references (HO)
)
\c@section@level=\count164
)
LaTeX Info: Redefining \ref on input line 147.
LaTeX Info: Redefining \pageref on input line 147.
LaTeX Info: Redefining \nameref on input line 147.

("C:\Users\Chris\My Dropbox\Uni\WS2012\Bachelorarbeit\[1] Laufende Version\Thes
isGit\thesis.out")
("C:\Users\Chris\My Dropbox\Uni\WS2012\Bachelorarbeit\[1] Laufende Version\Thes
isGit\thesis.out")
\@outlinefile=\write4

babelbib: Set bibliography fall-back language to ngerman
("C:\Program Files (x86)\MiKTeX 2.8\tex\latex\babelbib\english.bdf"
File: english.bdf 2009/10/10 v1.29 babelbib: multilingual bibliographies (HH)

babelbib extension \btxifchangecaseon added to \extrasenglish
babelbib extension \btxifchangecaseon added to \extrasUSenglish
) ("C:\Program Files (x86)\MiKTeX 2.8\tex\latex\babelbib\french.bdf"
File: french.bdf 2009/10/10 v1.29 babelbib: multilingual bibliographies (HH)

babelbib extension \btxifchangecaseoff added to \extrasfrench
) ("C:\Program Files (x86)\MiKTeX 2.8\tex\latex\babelbib\german.bdf"
File: german.bdf 2009/10/10 v1.29 babelbib: multilingual bibliographies (HH)

babelbib extension \btxifchangecaseoff added to \extrasnaustrian
babelbib extension \btxifchangecaseoff added to \extrasngerman
)
babelbib: Load BibTeX extensions \bibsngerman for ngerman
babelbib: Set language for keywords in the bibliography fixed to ngerman
babelbib: Set language for keywords in the bibliography fixed to ngerman

("C:\Users\Chris\My Dropbox\Uni\WS2012\Bachelorarbeit\[1] Laufende Version\Thes
isGit\titlepage.tex"
<logos/KITLogo_EN_RGB.pdf, id=162, 196.46399pt x 90.77916pt>
File: logos/KITLogo_EN_RGB.pdf Graphic file (type pdf)

<use logos/KITLogo_EN_RGB.pdf>
<logos/IISMLogo_RGB.pdf, id=163, 369.38pt x 79.29625pt>
File: logos/IISMLogo_RGB.pdf Graphic file (type pdf)

<use logos/IISMLogo_RGB.pdf>
LaTeX Font Info:    Try loading font information for T1+ppl on input line 31.

("C:\Program Files (x86)\MiKTeX 2.8\tex\latex\psnfss\t1ppl.fd"
File: t1ppl.fd 2001/06/04 font definitions for T1/ppl.
)
LaTeX Font Info:    Try loading font information for U+msa on input line 53.

("C:\Program Files (x86)\MiKTeX 2.8\tex\latex\amsfonts\umsa.fd"
File: umsa.fd 2009/06/22 v3.00 AMS symbols A
)
LaTeX Font Info:    Try loading font information for U+msb on input line 53.

("C:\Program Files (x86)\MiKTeX 2.8\tex\latex\amsfonts\umsb.fd"
File: umsb.fd 2009/06/22 v3.00 AMS symbols B
)
LaTeX Font Info:    Font shape `T1/ppl/bx/n' in size <12> not available
(Font)              Font shape `T1/ppl/b/n' tried instead on input line 86.
 [1






{C:/ProgramData/MiKTeX/2.8/pdftex/config/pdftex.map} <C:/Users/Chris/My Dropbox
/Uni/WS2012/Bachelorarbeit/[1] Laufende Version/ThesisGit/logos/KITLogo_EN_RGB.
pdf> <C:/Users/Chris/My Dropbox/Uni/WS2012/Bachelorarbeit/[1] Laufende Version/
ThesisGit/logos/IISMLogo_RGB.pdf>])
("C:\Users\Chris\My Dropbox\Uni\WS2012\Bachelorarbeit\[1] Laufende Version\Thes
isGit\thesis.toc"
LaTeX Font Info:    Try loading font information for T1+aess on input line 1.
 ("C:\Program Files (x86)\MiKTeX 2.8\tex\latex\ae\t1aess.fd"
File: t1aess.fd 1997/11/16 Font definitions for T1/aess.
)
Package acronym Info: Label `acro:NP' newly defined as it shall be overridden
although it is yet undefined on input line 43.
Package acronym Info: Label `acro:LMM' newly defined as it shall be overridden
although it is yet undefined on input line 49.

[2


])
\tf@toc=\write5
 [3]
("C:\Users\Chris\My Dropbox\Uni\WS2012\Bachelorarbeit\[1] Laufende Version\Thes
isGit\thesis.lot")
\tf@lot=\write6
 [4

]
("C:\Users\Chris\My Dropbox\Uni\WS2012\Bachelorarbeit\[1] Laufende Version\Thes
isGit\thesis.lof"
Overfull \hbox (0.18575pt too wide) detected at line 36
\T1/aer/m/n/10.95 D.10. 
 []


Overfull \hbox (0.18575pt too wide) detected at line 37
\T1/aer/m/n/10.95 D.11. 
 []


Overfull \hbox (0.18575pt too wide) detected at line 38
\T1/aer/m/n/10.95 D.12. 
 []


Overfull \hbox (0.18575pt too wide) detected at line 39
\T1/aer/m/n/10.95 D.13. 
 []


Overfull \hbox (0.18575pt too wide) detected at line 40
\T1/aer/m/n/10.95 D.14. 
 []

)
\tf@lof=\write7
 [5

] [6] [7

] [8


]
("C:\Users\Chris\My Dropbox\Uni\WS2012\Bachelorarbeit\[1] Laufende Version\Thes
isGit\text/introduction.tex"
Chapter 1.

Class scrbook Warning: \float@addtolists detected!
(scrbook)              You should use the features of package `tocbasic'
(scrbook)              instead of \float@addtolists.
(scrbook)              Support for \float@addtolists may be removed from
(scrbook)              `scrbook' soon .

[1


]) [2]
("C:\Users\Chris\My Dropbox\Uni\WS2012\Bachelorarbeit\[1] Laufende Version\Thes
isGit\text/content.tex"
Chapter 2.
[3



] [4] [5] [6]) [7]
("C:\Users\Chris\My Dropbox\Uni\WS2012\Bachelorarbeit\[1] Laufende Version\Thes
isGit\text/experiment.tex"
Chapter 3.
Package acronym Info: Label `acro:GUI' newly defined as it shall be overridden
although it is yet undefined on input line 9.
Package acronym Info: Label `acro:AMT' newly defined as it shall be overridden
although it is yet undefined on input line 9.
[8



]
Underfull \hbox (badness 10000) in paragraph at lines 49--50

 []

LaTeX Font Info:    Try loading font information for T1+aett on input line 56.
("C:\Program Files (x86)\MiKTeX 2.8\tex\latex\ae\t1aett.fd"
File: t1aett.fd 1997/11/16 Font definitions for T1/aett.
)
Package acronym Info: Label `acro:GA' newly defined as it shall be overridden
although it is yet undefined on input line 58.
Package hyperref Info: bookmark level for unknown algorithm defaults to 0 on in
put line 72.
Package acronym Info: Label `acro:DPA' newly defined as it shall be overridden
although it is yet undefined on input line 77.

Underfull \hbox (badness 10000) in paragraph at lines 77--78

 []

[9pdfTeX warning (ext4): destination with the same identifier (name{AlgoLine.0.
1}) has been already used, duplicate ignored

\@EveryShipout@Output ...@Org@Shipout \box \@cclv 
                                                  
l.108 \begin{equation}
                      pdfTeX warning (ext4): destination with the same identifi
er (name{AlgoLine.0.2}) has been already used, duplicate ignored

\@EveryShipout@Output ...@Org@Shipout \box \@cclv 
                                                  
l.108 \begin{equation}
                      pdfTeX warning (ext4): destination with the same identifi
er (name{AlgoLine.0.3}) has been already used, duplicate ignored

\@EveryShipout@Output ...@Org@Shipout \box \@cclv 
                                                  
l.108 \begin{equation}
                      pdfTeX warning (ext4): destination with the same identifi
er (name{AlgoLine.0.4}) has been already used, duplicate ignored

\@EveryShipout@Output ...@Org@Shipout \box \@cclv 
                                                  
l.108 \begin{equation}
                      pdfTeX warning (ext4): destination with the same identifi
er (name{AlgoLine.0.5}) has been already used, duplicate ignored

\@EveryShipout@Output ...@Org@Shipout \box \@cclv 
                                                  
l.108 \begin{equation}
                      pdfTeX warning (ext4): destination with the same identifi
er (name{AlgoLine.0.6}) has been already used, duplicate ignored

\@EveryShipout@Output ...@Org@Shipout \box \@cclv 
                                                  
l.108 \begin{equation}
                      pdfTeX warning (ext4): destination with the same identifi
er (name{AlgoLine.0.7}) has been already used, duplicate ignored

\@EveryShipout@Output ...@Org@Shipout \box \@cclv 
                                                  
l.108 \begin{equation}
                      pdfTeX warning (ext4): destination with the same identifi
er (name{AlgoLine.0.8}) has been already used, duplicate ignored

\@EveryShipout@Output ...@Org@Shipout \box \@cclv 
                                                  
l.108 \begin{equation}
                      pdfTeX warning (ext4): destination with the same identifi
er (name{AlgoLine.0.9}) has been already used, duplicate ignored

\@EveryShipout@Output ...@Org@Shipout \box \@cclv 
                                                  
l.108 \begin{equation}
                      ]
<./figures/colourSchemeBenefit.pdf, id=546, 308.82751pt x 361.95761pt>
File: ./figures/colourSchemeBenefit.pdf Graphic file (type pdf)

<use ./figures/colourSchemeBenefit.pdf>
Underfull \vbox (badness 7796) has occurred while \output is active []

 [10 <C:/Users/Chris/My Dropbox/Uni/WS2012/Bachelorarbeit/[1] Laufende Version/
ThesisGit/figures/colourSchemeBenefit.pdf>]
<./figures/colourScheme.pdf, id=573, 609.85568pt x 446.80923pt>
File: ./figures/colourScheme.pdf Graphic file (type pdf)

<use ./figures/colourScheme.pdf>
<./figures/Interface4.pdf, id=575, 458.31694pt x 269.09233pt>
File: ./figures/Interface4.pdf Graphic file (type pdf)

<use ./figures/Interface4.pdf> [11 <C:/Users/Chris/My Dropbox/Uni/WS2012/Bachel
orarbeit/[1] Laufende Version/ThesisGit/figures/colourScheme.pdf>] [12 <C:/User
s/Chris/My Dropbox/Uni/WS2012/Bachelorarbeit/[1] Laufende Version/ThesisGit/fig
ures/Interface4.pdf>]
<./figures/PayoutScheme.pdf, id=654, 438.33981pt x 304.23228pt>
File: ./figures/PayoutScheme.pdf Graphic file (type pdf)

<use ./figures/PayoutScheme.pdf>
<./figures/PayoutScheme2.pdf, id=655, 428.1694pt x 289.62892pt>
File: ./figures/PayoutScheme2.pdf Graphic file (type pdf)

<use ./figures/PayoutScheme2.pdf>
Package acronym Info: Label `acro:HIT' newly defined as it shall be overridden
although it is yet undefined on input line 213.
 [13 <C:/Users/Chris/My Dropbox/Uni/WS2012/Bachelorarbeit/[1] Laufende Version/
ThesisGit/figures/PayoutScheme.pdf> <C:/Users/Chris/My Dropbox/Uni/WS2012/Bache
lorarbeit/[1] Laufende Version/ThesisGit/figures/PayoutScheme2.pdf>] [14]
Package acronym Info: Label `acro:JSON' newly defined as it shall be overridden

although it is yet undefined on input line 266.
Package acronym Info: Label `acro:CSV' newly defined as it shall be overridden
although it is yet undefined on input line 266.
 [15]

pdfTeX warning: pdflatex (file C:/Users/Chris/My Dropbox/Uni/WS2012/Bachelorarb
eit/[1] Laufende Version/ThesisGit/figures/EnfoLab_Coordination.pdf): PDF inclu
sion: found PDF version <1.5>, but at most version <1.4> allowed
<./figures/EnfoLab_Coordination.pdf, id=742, 1576.5701pt x 542.025pt>
File: ./figures/EnfoLab_Coordination.pdf Graphic file (type pdf)

<use ./figures/EnfoLab_Coordination.pdf>
<./figures/PayoutView.pdf, id=744, 512.05292pt x 360.42966pt>
File: ./figures/PayoutView.pdf Graphic file (type pdf)

<use ./figures/PayoutView.pdf>

LaTeX Warning: Float too large for page by 78.90462pt on input line 269.

[16 <C:/Users/Chris/My Dropbox/Uni/WS2012/Bachelorarbeit/[1] Laufende Version/T
hesisGit/figures/EnfoLab_Coordination.pdf> <C:/Users/Chris/My Dropbox/Uni/WS201
2/Bachelorarbeit/[1] Laufende Version/ThesisGit/figures/PayoutView.pdf>]
<./figures/User_Waterfall.pdf, id=787, 558.98503pt x 293.3618pt>
File: ./figures/User_Waterfall.pdf Graphic file (type pdf)

<use ./figures/User_Waterfall.pdf> [17


]
<./figures/Timelog.pdf, id=796, 444.45494pt x 339.66608pt>
File: ./figures/Timelog.pdf Graphic file (type pdf)

<use ./figures/Timelog.pdf> [18 <C:/Users/Chris/My Dropbox/Uni/WS2012/Bachelora
rbeit/[1] Laufende Version/ThesisGit/figures/User_Waterfall.pdf> <C:/Users/Chri
s/My Dropbox/Uni/WS2012/Bachelorarbeit/[1] Laufende Version/ThesisGit/figures/T
imelog.pdf>] [19]
<./figures/BoxplotPayout1.pdf, id=851, 448.21692pt x 360.18475pt>
File: ./figures/BoxplotPayout1.pdf Graphic file (type pdf)

<use ./figures/BoxplotPayout1.pdf>
<./figures/BoxplotPayout2.pdf, id=852, 441.28052pt x 355.95145pt>
File: ./figures/BoxplotPayout2.pdf Graphic file (type pdf)

<use ./figures/BoxplotPayout2.pdf>
<./figures/DescriptivesFinalResult.pdf, id=856, 1011.78pt x 433.62pt>
File: ./figures/DescriptivesFinalResult.pdf Graphic file (type pdf)

<use ./figures/DescriptivesFinalResult.pdf>
Underfull \hbox (badness 10000) in paragraph at lines 397--400

 []

[20 <C:/Users/Chris/My Dropbox/Uni/WS2012/Bachelorarbeit/[1] Laufende Version/T
hesisGit/figures/BoxplotPayout1.pdf> <C:/Users/Chris/My Dropbox/Uni/WS2012/Bach
elorarbeit/[1] Laufende Version/ThesisGit/figures/BoxplotPayout2.pdf>]
<./figures/DescriptivesFinalTime.pdf, id=897, 1011.78pt x 433.62pt>
File: ./figures/DescriptivesFinalTime.pdf Graphic file (type pdf)

<use ./figures/DescriptivesFinalTime.pdf>
Underfull \vbox (badness 10000) has occurred while \output is active []

 [21 <C:/Users/Chris/My Dropbox/Uni/WS2012/Bachelorarbeit/[1] Laufende Version/
ThesisGit/figures/DescriptivesFinalResult.pdf> <C:/Users/Chris/My Dropbox/Uni/W
S2012/Bachelorarbeit/[1] Laufende Version/ThesisGit/figures/DescriptivesFinalTi
me.pdf>]
<./figures/DescriptivesDecisionNumber.pdf, id=913, 1011.78pt x 433.62pt>
File: ./figures/DescriptivesDecisionNumber.pdf Graphic file (type pdf)

<use ./figures/DescriptivesDecisionNumber.pdf>
<./figures/ProfilePlotLegend.pdf, id=915, 351.43414pt x 505.89pt>
File: ./figures/ProfilePlotLegend.pdf Graphic file (type pdf)

<use ./figures/ProfilePlotLegend.pdf>
<./figures/ProfilePlotAnswer.pdf, id=916, 475.39429pt x 504.9776pt>
File: ./figures/ProfilePlotAnswer.pdf Graphic file (type pdf)

<use ./figures/ProfilePlotAnswer.pdf>
Underfull \hbox (badness 10000) in paragraph at lines 450--453

 []

[22 <C:/Users/Chris/My Dropbox/Uni/WS2012/Bachelorarbeit/[1] Laufende Version/T
hesisGit/figures/DescriptivesDecisionNumber.pdf>]
<./figures/CorrelationAction.pdf, id=930, 505.89pt x 505.89pt>
File: ./figures/CorrelationAction.pdf Graphic file (type pdf)

<use ./figures/CorrelationAction.pdf>) [23 <C:/Users/Chris/My Dropbox/Uni/WS201
2/Bachelorarbeit/[1] Laufende Version/ThesisGit/figures/ProfilePlotLegend.pdf> 
<C:/Users/Chris/My Dropbox/Uni/WS2012/Bachelorarbeit/[1] Laufende Version/Thesi
sGit/figures/ProfilePlotAnswer.pdf>] [24 <C:/Users/Chris/My Dropbox/Uni/WS2012/
Bachelorarbeit/[1] Laufende Version/ThesisGit/figures/CorrelationAction.pdf>]
("C:\Users\Chris\My Dropbox\Uni\WS2012\Bachelorarbeit\[1] Laufende Version\Thes
isGit\text/evaluation.tex"
Chapter 4.
LaTeX Font Info:    Try loading font information for TS1+aer on input line 19.
LaTeX Font Info:    No file TS1aer.fd. on input line 19.

LaTeX Font Warning: Font shape `TS1/aer/m/n' undefined
(Font)              using `TS1/cmr/m/n' instead
(Font)              for symbol `textbullet' on input line 19.

[25



] [26] [27] <./figures/SkewKurtosis.pdf, id=1018, 718.19574pt x 400.4359pt>
File: ./figures/SkewKurtosis.pdf Graphic file (type pdf)

<use ./figures/SkewKurtosis.pdf> [28]
<./figures/PlotIntercept.pdf, id=1040, 505.89pt x 505.89pt>
File: ./figures/PlotIntercept.pdf Graphic file (type pdf)

<use ./figures/PlotIntercept.pdf> [29 <C:/Users/Chris/My Dropbox/Uni/WS2012/Bac
helorarbeit/[1] Laufende Version/ThesisGit/figures/SkewKurtosis.pdf>]
Overfull \hbox (12.98845pt too wide) in paragraph at lines 358--359
[][] 
 []


Underfull \vbox (badness 10000) has occurred while \output is active []

 [30 <C:/Users/Chris/My Dropbox/Uni/WS2012/Bachelorarbeit/[1] Laufende Version/
ThesisGit/figures/PlotIntercept.pdf>]
<./figures/Filter2PlotColoursFirstResult.pdf, id=1093, 505.89pt x 505.89pt>
File: ./figures/Filter2PlotColoursFirstResult.pdf Graphic file (type pdf)

<use ./figures/Filter2PlotColoursFirstResult.pdf>
<./figures/Filter2PlotColoursDecisionTime.pdf, id=1094, 505.89pt x 505.89pt>
File: ./figures/Filter2PlotColoursDecisionTime.pdf Graphic file (type pdf)

<use ./figures/Filter2PlotColoursDecisionTime.pdf> [31]
<./figures/Filter2PlotRoundFinalResult.pdf, id=1106, 505.89pt x 505.89pt>
File: ./figures/Filter2PlotRoundFinalResult.pdf Graphic file (type pdf)

<use ./figures/Filter2PlotRoundFinalResult.pdf>
<./figures/Filter2PlotRoundFirstTime.pdf, id=1107, 505.89pt x 505.89pt>
File: ./figures/Filter2PlotRoundFirstTime.pdf Graphic file (type pdf)

<use ./figures/Filter2PlotRoundFirstTime.pdf> [32 <C:/Users/Chris/My Dropbox/Un
i/WS2012/Bachelorarbeit/[1] Laufende Version/ThesisGit/figures/Filter2PlotColou
rsFirstResult.pdf> <C:/Users/Chris/My Dropbox/Uni/WS2012/Bachelorarbeit/[1] Lau
fende Version/ThesisGit/figures/Filter2PlotColoursDecisionTime.pdf> <C:/Users/C
hris/My Dropbox/Uni/WS2012/Bachelorarbeit/[1] Laufende Version/ThesisGit/figure
s/Filter2PlotRoundFinalResult.pdf> <C:/Users/Chris/My Dropbox/Uni/WS2012/Bachel
orarbeit/[1] Laufende Version/ThesisGit/figures/Filter2PlotRoundFirstTime.pdf>]
[33]
<./figures/Filter3PlotColoursFirstResult.pdf, id=1145, 505.89pt x 505.89pt>
File: ./figures/Filter3PlotColoursFirstResult.pdf Graphic file (type pdf)

<use ./figures/Filter3PlotColoursFirstResult.pdf>
<./figures/Filter3PlotColoursBestResult.pdf, id=1146, 505.89pt x 505.89pt>
File: ./figures/Filter3PlotColoursBestResult.pdf Graphic file (type pdf)

<use ./figures/Filter3PlotColoursBestResult.pdf>
<./figures/Filter3PlotColoursFinalResult.pdf, id=1147, 505.89pt x 505.89pt>
File: ./figures/Filter3PlotColoursFinalResult.pdf Graphic file (type pdf)

<use ./figures/Filter3PlotColoursFinalResult.pdf>) [34


 <C:/Users/Chris/My Dropbox/Uni/WS2012/Bachelorarbeit/[1] Laufende Version/Thes
isGit/figures/Filter3PlotColoursFirstResult.pdf> <C:/Users/Chris/My Dropbox/Uni
/WS2012/Bachelorarbeit/[1] Laufende Version/ThesisGit/figures/Filter3PlotColour
sBestResult.pdf> <C:/Users/Chris/My Dropbox/Uni/WS2012/Bachelorarbeit/[1] Laufe
nde Version/ThesisGit/figures/Filter3PlotColoursFinalResult.pdf>] [35]
("C:\Users\Chris\My Dropbox\Uni\WS2012\Bachelorarbeit\[1] Laufende Version\Thes
isGit\text/conclusion.tex"
Chapter 5.
[36





]) [37] [38]
("C:\Users\Chris\My Dropbox\Uni\WS2012\Bachelorarbeit\[1] Laufende Version\Thes
isGit\text/declaration.tex"
Chapter 6.

Underfull \hbox (badness 10000) in paragraph at lines 14--16

 []

) [39



]
("C:\Users\Chris\My Dropbox\Uni\WS2012\Bachelorarbeit\[1] Laufende Version\Thes
isGit\text/appendix.tex"pdfTeX warning (ext4): destination with the same identi
fier (name{AlgoLine.0.1}) has been already used, duplicate ignored
<to be read again> 
                   \relax 
l.27  b
       enchmarkCurrent = 0\;pdfTeX warning (ext4): destination with the same id
entifier (name{AlgoLine.0.2}) has been already used, duplicate ignored
<to be read again> 
                   \relax 
l.59  } }
         pdfTeX warning (ext4): destination with the same identifier (name{Algo
Line.0.3}) has been already used, duplicate ignored
<to be read again> 
                   \relax 
l.59  } }
         pdfTeX warning (ext4): destination with the same identifier (name{Algo
Line.0.4}) has been already used, duplicate ignored
<to be read again> 
                   \relax 
l.59  } }
         pdfTeX warning (ext4): destination with the same identifier (name{Algo
Line.0.5}) has been already used, duplicate ignored
<to be read again> 
                   \relax 
l.59  } }
         pdfTeX warning (ext4): destination with the same identifier (name{Algo
Line.0.6}) has been already used, duplicate ignored
<to be read again> 
                   \relax 
l.59  } }
         pdfTeX warning (ext4): destination with the same identifier (name{Algo
Line.0.7}) has been already used, duplicate ignored
<to be read again> 
                   \relax 
l.59  } }
         pdfTeX warning (ext4): destination with the same identifier (name{Algo
Line.0.8}) has been already used, duplicate ignored
<to be read again> 
                   \relax 
l.59  } }
         pdfTeX warning (ext4): destination with the same identifier (name{Algo
Line.0.9}) has been already used, duplicate ignored
<to be read again> 
                   \relax 
l.59  } }
         pdfTeX warning (ext4): destination with the same identifier (name{Algo
Line.0.10}) has been already used, duplicate ignored
<to be read again> 
                   \relax 
l.59  } }
         pdfTeX warning (ext4): destination with the same identifier (name{Algo
Line.0.11}) has been already used, duplicate ignored
<to be read again> 
                   \relax 
l.59  } }
          [40


] <./figures/Interface1.pdf, id=1221, 460.31874pt x 267.49095pt>
File: ./figures/Interface1.pdf Graphic file (type pdf)

<use ./figures/Interface1.pdf>
<./figures/Interface2.pdf, id=1222, 457.55914pt x 268.05243pt>
File: ./figures/Interface2.pdf Graphic file (type pdf)

<use ./figures/Interface2.pdf>
<./figures/Interface3.pdf, id=1223, 461.25539pt x 273.35756pt>
File: ./figures/Interface3.pdf Graphic file (type pdf)

<use ./figures/Interface3.pdf> [41 <C:/Users/Chris/My Dropbox/Uni/WS2012/Bachel
orarbeit/[1] Laufende Version/ThesisGit/figures/Interface1.pdf> <C:/Users/Chris
/My Dropbox/Uni/WS2012/Bachelorarbeit/[1] Laufende Version/ThesisGit/figures/In
terface2.pdf> <C:/Users/Chris/My Dropbox/Uni/WS2012/Bachelorarbeit/[1] Laufende
 Version/ThesisGit/figures/Interface3.pdf>]
<./figures/DescriptivesFirstResult.pdf, id=1310, 1011.78pt x 433.62pt>
File: ./figures/DescriptivesFirstResult.pdf Graphic file (type pdf)

<use ./figures/DescriptivesFirstResult.pdf>
<./figures/DescriptivesBestResult.pdf, id=1311, 1011.78pt x 433.62pt>
File: ./figures/DescriptivesBestResult.pdf Graphic file (type pdf)

<use ./figures/DescriptivesBestResult.pdf>
<./figures/DescriptivesFirstTime.pdf, id=1312, 1011.78pt x 433.62pt>
File: ./figures/DescriptivesFirstTime.pdf Graphic file (type pdf)

<use ./figures/DescriptivesFirstTime.pdf>
<./figures/DescriptivesBestTime.pdf, id=1313, 1011.78pt x 433.62pt>
File: ./figures/DescriptivesBestTime.pdf Graphic file (type pdf)

<use ./figures/DescriptivesBestTime.pdf>
<./figures/DescriptivesDecisionTime.pdf, id=1314, 1011.78pt x 433.62pt>
File: ./figures/DescriptivesDecisionTime.pdf Graphic file (type pdf)

<use ./figures/DescriptivesDecisionTime.pdf>
File: ./figures/DescriptivesDecisionNumber.pdf Graphic file (type pdf)

<use ./figures/DescriptivesDecisionNumber.pdf>
<./figures/HistogramQuestion1.pdf, id=1315, 441.30573pt x 352.05637pt>
File: ./figures/HistogramQuestion1.pdf Graphic file (type pdf)

<use ./figures/HistogramQuestion1.pdf>
<./figures/BoxplotQuestion1.pdf, id=1316, 424.05043pt x 318.68723pt>
File: ./figures/BoxplotQuestion1.pdf Graphic file (type pdf)

<use ./figures/BoxplotQuestion1.pdf>
<./figures/HistogramQuestion2.pdf, id=1317, 441.05377pt x 355.6264pt>
File: ./figures/HistogramQuestion2.pdf Graphic file (type pdf)

<use ./figures/HistogramQuestion2.pdf>
<./figures/BoxplotQuestion2.pdf, id=1318, 433.79788pt x 321.93726pt>
File: ./figures/BoxplotQuestion2.pdf Graphic file (type pdf)

<use ./figures/BoxplotQuestion2.pdf>
<./figures/HistogramQuestion3.pdf, id=1319, 439.30028pt x 362.00044pt>
File: ./figures/HistogramQuestion3.pdf Graphic file (type pdf)

<use ./figures/HistogramQuestion3.pdf>
<./figures/BoxplotQuestion3.pdf, id=1320, 442.32347pt x 315.84029pt>
File: ./figures/BoxplotQuestion3.pdf Graphic file (type pdf)

<use ./figures/BoxplotQuestion3.pdf> [42 <C:/Users/Chris/My Dropbox/Uni/WS2012/
Bachelorarbeit/[1] Laufende Version/ThesisGit/figures/DescriptivesFirstResult.p
df> <C:/Users/Chris/My Dropbox/Uni/WS2012/Bachelorarbeit/[1] Laufende Version/T
hesisGit/figures/DescriptivesBestResult.pdf>] [43 <C:/Users/Chris/My Dropbox/Un
i/WS2012/Bachelorarbeit/[1] Laufende Version/ThesisGit/figures/DescriptivesFirs
tTime.pdf> <C:/Users/Chris/My Dropbox/Uni/WS2012/Bachelorarbeit/[1] Laufende Ve
rsion/ThesisGit/figures/DescriptivesBestTime.pdf> <C:/Users/Chris/My Dropbox/Un
i/WS2012/Bachelorarbeit/[1] Laufende Version/ThesisGit/figures/DescriptivesDeci
sionTime.pdf>]
<./figures/HistogramQuestion4.pdf, id=1357, 441.61052pt x 346.00737pt>
File: ./figures/HistogramQuestion4.pdf Graphic file (type pdf)

<use ./figures/HistogramQuestion4.pdf>
<./figures/BoxplotQuestion4.pdf, id=1358, 435.40532pt x 323.86958pt>
File: ./figures/BoxplotQuestion4.pdf Graphic file (type pdf)

<use ./figures/BoxplotQuestion4.pdf>
<./figures/HistogramQuestion5.pdf, id=1359, 440.86234pt x 356.0245pt>
File: ./figures/HistogramQuestion5.pdf Graphic file (type pdf)

<use ./figures/HistogramQuestion5.pdf>
<./figures/BoxplotQuestion5.pdf, id=1360, 435.55392pt x 321.29224pt>
File: ./figures/BoxplotQuestion5.pdf Graphic file (type pdf)

<use ./figures/BoxplotQuestion5.pdf>
<./figures/HistogramQuestion6.pdf, id=1361, 441.77428pt x 353.74187pt>
File: ./figures/HistogramQuestion6.pdf Graphic file (type pdf)

<use ./figures/HistogramQuestion6.pdf>
<./figures/BoxplotQuestion6.pdf, id=1362, 413.1641pt x 321.21657pt>
File: ./figures/BoxplotQuestion6.pdf Graphic file (type pdf)

<use ./figures/BoxplotQuestion6.pdf> [44 <C:/Users/Chris/My Dropbox/Uni/WS2012/
Bachelorarbeit/[1] Laufende Version/ThesisGit/figures/HistogramQuestion1.pdf> <
C:/Users/Chris/My Dropbox/Uni/WS2012/Bachelorarbeit/[1] Laufende Version/Thesis
Git/figures/BoxplotQuestion1.pdf> <C:/Users/Chris/My Dropbox/Uni/WS2012/Bachelo
rarbeit/[1] Laufende Version/ThesisGit/figures/HistogramQuestion2.pdf> <C:/User
s/Chris/My Dropbox/Uni/WS2012/Bachelorarbeit/[1] Laufende Version/ThesisGit/fig
ures/BoxplotQuestion2.pdf>] [45 <C:/Users/Chris/My Dropbox/Uni/WS2012/Bachelora
rbeit/[1] Laufende Version/ThesisGit/figures/HistogramQuestion3.pdf> <C:/Users/
Chris/My Dropbox/Uni/WS2012/Bachelorarbeit/[1] Laufende Version/ThesisGit/figur
es/BoxplotQuestion3.pdf> <C:/Users/Chris/My Dropbox/Uni/WS2012/Bachelorarbeit/[
1] Laufende Version/ThesisGit/figures/HistogramQuestion4.pdf> <C:/Users/Chris/M
y Dropbox/Uni/WS2012/Bachelorarbeit/[1] Laufende Version/ThesisGit/figures/Boxp
lotQuestion4.pdf> <C:/Users/Chris/My Dropbox/Uni/WS2012/Bachelorarbeit/[1] Lauf
ende Version/ThesisGit/figures/HistogramQuestion5.pdf> <C:/Users/Chris/My Dropb
ox/Uni/WS2012/Bachelorarbeit/[1] Laufende Version/ThesisGit/figures/BoxplotQues
tion5.pdf>] [46 <C:/Users/Chris/My Dropbox/Uni/WS2012/Bachelorarbeit/[1] Laufen
de Version/ThesisGit/figures/HistogramQuestion6.pdf> <C:/Users/Chris/My Dropbox
/Uni/WS2012/Bachelorarbeit/[1] Laufende Version/ThesisGit/figures/BoxplotQuesti
on6.pdf>] [47

]) [48



]
("C:\Users\Chris\My Dropbox\Uni\WS2012\Bachelorarbeit\[1] Laufende Version\Thes
isGit\thesis.bbl" [49

] [50])
Package atveryend Info: Empty hook `BeforeClearDocument' on input line 227.
 [51]
Package atveryend Info: Empty hook `AfterLastShipout' on input line 227.

("C:\Users\Chris\My Dropbox\Uni\WS2012\Bachelorarbeit\[1] Laufende Version\Thes
isGit\thesis.aux"
("C:\Users\Chris\My Dropbox\Uni\WS2012\Bachelorarbeit\[1] Laufende Version\Thes
isGit\titlepage.aux")
("C:\Users\Chris\My Dropbox\Uni\WS2012\Bachelorarbeit\[1] Laufende Version\Thes
isGit\text/introduction.aux")
("C:\Users\Chris\My Dropbox\Uni\WS2012\Bachelorarbeit\[1] Laufende Version\Thes
isGit\text/content.aux")
("C:\Users\Chris\My Dropbox\Uni\WS2012\Bachelorarbeit\[1] Laufende Version\Thes
isGit\text/experiment.aux")
("C:\Users\Chris\My Dropbox\Uni\WS2012\Bachelorarbeit\[1] Laufende Version\Thes
isGit\text/evaluation.aux")
("C:\Users\Chris\My Dropbox\Uni\WS2012\Bachelorarbeit\[1] Laufende Version\Thes
isGit\text/conclusion.aux")
("C:\Users\Chris\My Dropbox\Uni\WS2012\Bachelorarbeit\[1] Laufende Version\Thes
isGit\text/declaration.aux"))
Package atveryend Info: Executing hook `AtVeryEndDocument' on input line 227.
Package rerunfilecheck Info: File `thesis.out' has not changed.
(rerunfilecheck)             Checksum: 0FAF40F06009B527C25D7DA1A4B84D3D;2762.


LaTeX Font Warning: Some font shapes were not available, defaults substituted.


LaTeX Warning: There were multiply-defined labels.

 ) 
Here is how much of TeX's memory you used:
 18671 strings out of 495285
 307883 string characters out of 3179828
 425150 words of memory out of 3000000
 20936 multiletter control sequences out of 15000+200000
 69632 words of font info for 134 fonts, out of 3000000 for 9000
 14 hyphenation exceptions out of 8191
 59i,22n,54p,1130b,664s stack positions out of 5000i,500n,10000p,200000b,50000s
pdfTeX warning (dest): name{Hfootnote.20} has been referenced but does not ex
ist, replaced by a fixed one

pdfTeX warning (dest): name{Hfootnote.19} has been referenced but does not exis
t, replaced by a fixed one

pdfTeX warning (dest): name{Hfootnote.17} has been referenced but does not exis
t, replaced by a fixed one

pdfTeX warning (dest): name{Hfootnote.15} has been referenced but does not exis
t, replaced by a fixed one

pdfTeX warning (dest): name{Hfootnote.13} has been referenced but does not exis
t, replaced by a fixed one

pdfTeX warning (dest): name{Hfootnote.12} has been referenced but does not exis
t, replaced by a fixed one

pdfTeX warning (dest): name{Hfootnote.11} has been referenced but does not exis
t, replaced by a fixed one

pdfTeX warning (dest): name{Hfootnote.10} has been referenced but does not exis
t, replaced by a fixed one

pdfTeX warning (dest): name{Hfootnote.9} has been referenced but does not exist
, replaced by a fixed one

pdfTeX warning (dest): name{Hfootnote.8} has been referenced but does not exist
, replaced by a fixed one

pdfTeX warning (dest): name{Hfootnote.6} has been referenced but does not exist
, replaced by a fixed one

pdfTeX warning (dest): name{Hfootnote.5} has been referenced but does not exist
, replaced by a fixed one

pdfTeX warning (dest): name{Hfootnote.4} has been referenced but does not exist
, replaced by a fixed one

pdfTeX warning (dest): name{Hfootnote.3} has been referenced but does not exist
, replaced by a fixed one

pdfTeX warning (dest): name{Hfootnote.2} has been referenced but does not exist
, replaced by a fixed one

pdfTeX warning (dest): name{Hfootnote.1} has been referenced but does not exist
, replaced by a fixed one

{C:/Program Files (x86)/MiKTeX 2.8/fonts/enc/dvips/cm-super/cm-super-ts1.enc}{C
:/Program Files (x86)/MiKTeX 2.8/fonts/enc/dvips/fontname/8r.enc}<C:/Program Fi
les (x86)/MiKTeX 2.8/fonts/type1/public/amsfonts/cm/cmbx10.pfb><C:/Program File
s (x86)/MiKTeX 2.8/fonts/type1/public/amsfonts/cm/cmbx12.pfb><C:/Program Files 
(x86)/MiKTeX 2.8/fonts/type1/public/amsfonts/cm/cmbx8.pfb><C:/Program Files (x8
6)/MiKTeX 2.8/fonts/type1/public/amsfonts/cm/cmbxti10.pfb><C:/Program Files (x8
6)/MiKTeX 2.8/fonts/type1/public/amsfonts/cm/cmex10.pfb><C:/Program Files (x86)
/MiKTeX 2.8/fonts/type1/public/amsfonts/cm/cmmi10.pfb><C:/Program Files (x86)/M
iKTeX 2.8/fonts/type1/public/amsfonts/cm/cmmi6.pfb><C:/Program Files (x86)/MiKT
eX 2.8/fonts/type1/public/amsfonts/cm/cmmi8.pfb><C:/Program Files (x86)/MiKTeX 
2.8/fonts/type1/public/amsfonts/cm/cmmi9.pfb><C:/Program Files (x86)/MiKTeX 2.8
/fonts/type1/public/amsfonts/cm/cmmib10.pfb><C:/Program Files (x86)/MiKTeX 2.8/
fonts/type1/public/amsfonts/cmextra/cmmib8.pfb><C:/Program Files (x86)/MiKTeX 2
.8/fonts/type1/public/amsfonts/cm/cmr10.pfb><C:/Program Files (x86)/MiKTeX 2.8/
fonts/type1/public/amsfonts/cm/cmr6.pfb><C:/Program Files (x86)/MiKTeX 2.8/font
s/type1/public/amsfonts/cm/cmr8.pfb><C:/Program Files (x86)/MiKTeX 2.8/fonts/ty
pe1/public/amsfonts/cm/cmr9.pfb><C:/Program Files (x86)/MiKTeX 2.8/fonts/type1/
public/amsfonts/cm/cmsl10.pfb><C:/Program Files (x86)/MiKTeX 2.8/fonts/type1/pu
blic/amsfonts/cm/cmssbx10.pfb><C:/Program Files (x86)/MiKTeX 2.8/fonts/type1/pu
blic/amsfonts/cm/cmsy10.pfb><C:/Program Files (x86)/MiKTeX 2.8/fonts/type1/publ
ic/amsfonts/cm/cmsy8.pfb><C:/Program Files (x86)/MiKTeX 2.8/fonts/type1/public/
amsfonts/cm/cmti10.pfb><C:/Program Files (x86)/MiKTeX 2.8/fonts/type1/public/am
sfonts/cm/cmti9.pfb><C:/Program Files (x86)/MiKTeX 2.8/fonts/type1/public/amsfo
nts/cm/cmtt10.pfb><C:/Program Files (x86)/MiKTeX 2.8/fonts/type1/public/cm-supe
r/sfrm1095.pfb><C:/Program Files (x86)/MiKTeX 2.8/fonts/type1/urw/palatino/uplb
8a.pfb><C:/Program Files (x86)/MiKTeX 2.8/fonts/type1/urw/palatino/uplr8a.pfb>
Output written on thesis.pdf (59 pages, 1977712 bytes).
PDF statistics:
 1735 PDF objects out of 2073 (max. 8388607)
 291 named destinations out of 1000 (max. 500000)
 565 words of extra memory for PDF output out of 10000 (max. 10000000)

